-- The C compiler identification is GNU 9.3.0
-- The CXX compiler identification is GNU 9.3.0
-- Check for working C compiler: /usr/bin/cc
-- Check for working C compiler: /usr/bin/cc -- works
-- Detecting C compiler ABI info
-- Detecting C compiler ABI info - done
-- Detecting C compile features
-- Detecting C compile features - done
-- Check for working CXX compiler: /usr/bin/c++
-- Check for working CXX compiler: /usr/bin/c++ -- works
-- Detecting CXX compiler ABI info
-- Detecting CXX compiler ABI info - done
-- Detecting CXX compile features
-- Detecting CXX compile features - done
-- Found ament_cmake: 0.9.9 (/opt/ros/foxy/share/ament_cmake/cmake)
-- Found PythonInterp: /usr/bin/python3 (found suitable version "3.8.10", minimum required is "3") 
-- Using PYTHON_EXECUTABLE: /usr/bin/python3
-- Found rosidl_default_generators: 1.0.1 (/opt/ros/foxy/share/rosidl_default_generators/cmake)
-- Using all available rosidl_typesupport_c: rosidl_typesupport_fastrtps_c;rosidl_typesupport_introspection_c
-- Found rosidl_adapter: 1.2.1 (/opt/ros/foxy/share/rosidl_adapter/cmake)
-- Found OpenSSL: /usr/lib/x86_64-linux-gnu/libcrypto.so (found version "1.1.1f")  
-- Found FastRTPS: /opt/ros/foxy/include  
-- Using all available rosidl_typesupport_cpp: rosidl_typesupport_fastrtps_cpp;rosidl_typesupport_introspection_cpp
-- Found std_msgs: 2.0.4 (/opt/ros/foxy/share/std_msgs/cmake)
-- Found PythonInterp: /usr/bin/python3 (found version "3.8.10") 
-- Found ament_cmake_ros: 0.9.2 (/opt/ros/foxy/share/ament_cmake_ros/cmake)
-- Using all available rosidl_typesupport_c: rosidl_typesupport_fastrtps_c;rosidl_typesupport_introspection_c
-- Using all available rosidl_typesupport_cpp: rosidl_typesupport_fastrtps_cpp;rosidl_typesupport_introspection_cpp
-- Found PythonInterp: /usr/bin/python3 (found suitable version "3.8.10", minimum required is "3.5") 
-- Found python_cmake_module: 0.8.1 (/opt/ros/foxy/share/python_cmake_module/cmake)
-- Found PythonLibs: /usr/lib/x86_64-linux-gnu/libpython3.8.so (found suitable version "3.8.10", minimum required is "3.5") 
-- Using PYTHON_EXECUTABLE: /usr/bin/python3
-- Using PYTHON_INCLUDE_DIRS: /usr/include/python3.8
-- Using PYTHON_LIBRARIES: /usr/lib/x86_64-linux-gnu/libpython3.8.so
-- Found PythonExtra: .so  
-- Configuring done
-- Generating done
-- Build files have been written to: /home/sebastian/tello_ros_ws/src/build/tello_msgs
[  2%] [34m[1mGenerating C code for ROS interfaces[0m
[35m[1mScanning dependencies of target tello_msgs__cpp[0m
[  4%] [34m[1mGenerating C++ code for ROS interfaces[0m
[  4%] Built target tello_msgs__cpp
[  8%] [34m[1mGenerating C++ type support dispatch for ROS interfaces[0m
[  8%] [34m[1mGenerating C++ introspection for ROS interfaces[0m
[ 10%] [34m[1mGenerating C++ type support for eProsima Fast-RTPS[0m
[35m[1mScanning dependencies of target tello_msgs__rosidl_generator_c[0m
[ 17%] [32mBuilding C object CMakeFiles/tello_msgs__rosidl_generator_c.dir/rosidl_generator_c/tello_msgs/srv/detail/tello_action__functions.c.o[0m
[ 17%] [32mBuilding C object CMakeFiles/tello_msgs__rosidl_generator_c.dir/rosidl_generator_c/tello_msgs/msg/detail/flight_data__functions.c.o[0m
[ 17%] [32mBuilding C object CMakeFiles/tello_msgs__rosidl_generator_c.dir/rosidl_generator_c/tello_msgs/msg/detail/tello_response__functions.c.o[0m
[ 19%] [32m[1mLinking C shared library libtello_msgs__rosidl_generator_c.so[0m
[ 19%] Built target tello_msgs__rosidl_generator_c
[ 21%] [34m[1mGenerating C introspection for ROS interfaces[0m
[ 23%] [34m[1mGenerating C type support dispatch for ROS interfaces[0m
[35m[1mScanning dependencies of target tello_msgs__rosidl_typesupport_cpp[0m
[ 29%] [32mBuilding CXX object CMakeFiles/tello_msgs__rosidl_typesupport_cpp.dir/rosidl_typesupport_cpp/tello_msgs/srv/tello_action__type_support.cpp.o[0m
[ 29%] [32mBuilding CXX object CMakeFiles/tello_msgs__rosidl_typesupport_cpp.dir/rosidl_typesupport_cpp/tello_msgs/msg/tello_response__type_support.cpp.o[0m
[ 29%] [32mBuilding CXX object CMakeFiles/tello_msgs__rosidl_typesupport_cpp.dir/rosidl_typesupport_cpp/tello_msgs/msg/flight_data__type_support.cpp.o[0m
[35m[1mScanning dependencies of target tello_msgs__rosidl_typesupport_fastrtps_cpp[0m
[ 31%] [32mBuilding CXX object CMakeFiles/tello_msgs__rosidl_typesupport_fastrtps_cpp.dir/rosidl_typesupport_fastrtps_cpp/tello_msgs/msg/detail/dds_fastrtps/flight_data__type_support.cpp.o[0m
[ 34%] [32mBuilding CXX object CMakeFiles/tello_msgs__rosidl_typesupport_fastrtps_cpp.dir/rosidl_typesupport_fastrtps_cpp/tello_msgs/msg/detail/dds_fastrtps/tello_response__type_support.cpp.o[0m
[ 36%] [32mBuilding CXX object CMakeFiles/tello_msgs__rosidl_typesupport_fastrtps_cpp.dir/rosidl_typesupport_fastrtps_cpp/tello_msgs/srv/detail/dds_fastrtps/tello_action__type_support.cpp.o[0m
[35m[1mScanning dependencies of target tello_msgs__rosidl_typesupport_introspection_cpp[0m
[ 40%] [32mBuilding CXX object CMakeFiles/tello_msgs__rosidl_typesupport_introspection_cpp.dir/rosidl_typesupport_introspection_cpp/tello_msgs/msg/detail/flight_data__type_support.cpp.o[0m
[ 40%] [32mBuilding CXX object CMakeFiles/tello_msgs__rosidl_typesupport_introspection_cpp.dir/rosidl_typesupport_introspection_cpp/tello_msgs/msg/detail/tello_response__type_support.cpp.o[0m
[ 42%] [32mBuilding CXX object CMakeFiles/tello_msgs__rosidl_typesupport_introspection_cpp.dir/rosidl_typesupport_introspection_cpp/tello_msgs/srv/detail/tello_action__type_support.cpp.o[0m
[ 44%] [32m[1mLinking CXX shared library libtello_msgs__rosidl_typesupport_cpp.so[0m
[35m[1mScanning dependencies of target tello_msgs__rosidl_typesupport_c[0m
[ 46%] [32mBuilding CXX object CMakeFiles/tello_msgs__rosidl_typesupport_c.dir/rosidl_typesupport_c/tello_msgs/msg/flight_data__type_support.cpp.o[0m
[ 48%] [32mBuilding CXX object CMakeFiles/tello_msgs__rosidl_typesupport_c.dir/rosidl_typesupport_c/tello_msgs/msg/tello_response__type_support.cpp.o[0m
[ 51%] [32mBuilding CXX object CMakeFiles/tello_msgs__rosidl_typesupport_c.dir/rosidl_typesupport_c/tello_msgs/srv/tello_action__type_support.cpp.o[0m
[35m[1mScanning dependencies of target tello_msgs__rosidl_typesupport_introspection_c[0m
[ 51%] Built target tello_msgs__rosidl_typesupport_cpp
[ 53%] [32mBuilding C object CMakeFiles/tello_msgs__rosidl_typesupport_introspection_c.dir/rosidl_typesupport_introspection_c/tello_msgs/msg/detail/flight_data__type_support.c.o[0m
[ 55%] [32mBuilding C object CMakeFiles/tello_msgs__rosidl_typesupport_introspection_c.dir/rosidl_typesupport_introspection_c/tello_msgs/srv/detail/tello_action__type_support.c.o[0m
[ 57%] [32m[1mLinking CXX shared library libtello_msgs__rosidl_typesupport_c.so[0m
[ 59%] [32mBuilding C object CMakeFiles/tello_msgs__rosidl_typesupport_introspection_c.dir/rosidl_typesupport_introspection_c/tello_msgs/msg/detail/tello_response__type_support.c.o[0m
[ 61%] [32m[1mLinking C shared library libtello_msgs__rosidl_typesupport_introspection_c.so[0m
[ 61%] Built target tello_msgs__rosidl_typesupport_c
[ 61%] Built target tello_msgs__rosidl_typesupport_introspection_c
[ 63%] [32m[1mLinking CXX shared library libtello_msgs__rosidl_typesupport_introspection_cpp.so[0m
[ 65%] [32m[1mLinking CXX shared library libtello_msgs__rosidl_typesupport_fastrtps_cpp.so[0m
[ 65%] Built target tello_msgs__rosidl_typesupport_introspection_cpp
[ 65%] Built target tello_msgs__rosidl_typesupport_fastrtps_cpp
[ 68%] [34m[1mGenerating C type support for eProsima Fast-RTPS[0m
[35m[1mScanning dependencies of target tello_msgs__rosidl_typesupport_fastrtps_c[0m
[ 74%] [32mBuilding CXX object CMakeFiles/tello_msgs__rosidl_typesupport_fastrtps_c.dir/rosidl_typesupport_fastrtps_c/tello_msgs/srv/detail/tello_action__type_support_c.cpp.o[0m
[ 74%] [32mBuilding CXX object CMakeFiles/tello_msgs__rosidl_typesupport_fastrtps_c.dir/rosidl_typesupport_fastrtps_c/tello_msgs/msg/detail/flight_data__type_support_c.cpp.o[0m
[ 74%] [32mBuilding CXX object CMakeFiles/tello_msgs__rosidl_typesupport_fastrtps_c.dir/rosidl_typesupport_fastrtps_c/tello_msgs/msg/detail/tello_response__type_support_c.cpp.o[0m
[ 76%] [32m[1mLinking CXX shared library libtello_msgs__rosidl_typesupport_fastrtps_c.so[0m
[ 76%] Built target tello_msgs__rosidl_typesupport_fastrtps_c
[35m[1mScanning dependencies of target tello_msgs[0m
[ 76%] Built target tello_msgs
[35m[1mScanning dependencies of target tello_msgs__py[0m
[ 78%] [34m[1mGenerating Python code for ROS interfaces[0m
[ 78%] Built target tello_msgs__py
[35m[1mScanning dependencies of target tello_msgs__python[0m
[ 82%] [32mBuilding C object CMakeFiles/tello_msgs__python.dir/rosidl_generator_py/tello_msgs/msg/_flight_data_s.c.o[0m
[ 82%] [32mBuilding C object CMakeFiles/tello_msgs__python.dir/rosidl_generator_py/tello_msgs/msg/_tello_response_s.c.o[0m
[ 85%] [32mBuilding C object CMakeFiles/tello_msgs__python.dir/rosidl_generator_py/tello_msgs/srv/_tello_action_s.c.o[0m
[ 87%] [32m[1mLinking C shared library rosidl_generator_py/tello_msgs/libtello_msgs__python.so[0m
[ 87%] Built target tello_msgs__python
[35m[1mScanning dependencies of target tello_msgs__rosidl_typesupport_c__pyext[0m
[35m[1mScanning dependencies of target tello_msgs__rosidl_typesupport_fastrtps_c__pyext[0m
[35m[1mScanning dependencies of target tello_msgs__rosidl_typesupport_introspection_c__pyext[0m
[ 91%] [32mBuilding C object CMakeFiles/tello_msgs__rosidl_typesupport_fastrtps_c__pyext.dir/rosidl_generator_py/tello_msgs/_tello_msgs_s.ep.rosidl_typesupport_fastrtps_c.c.o[0m
[ 91%] [32mBuilding C object CMakeFiles/tello_msgs__rosidl_typesupport_c__pyext.dir/rosidl_generator_py/tello_msgs/_tello_msgs_s.ep.rosidl_typesupport_c.c.o[0m
[ 93%] [32mBuilding C object CMakeFiles/tello_msgs__rosidl_typesupport_introspection_c__pyext.dir/rosidl_generator_py/tello_msgs/_tello_msgs_s.ep.rosidl_typesupport_introspection_c.c.o[0m
[ 95%] [32m[1mLinking C shared library rosidl_generator_py/tello_msgs/tello_msgs_s__rosidl_typesupport_c.cpython-38-x86_64-linux-gnu.so[0m
[ 97%] [32m[1mLinking CXX shared library rosidl_generator_py/tello_msgs/tello_msgs_s__rosidl_typesupport_fastrtps_c.cpython-38-x86_64-linux-gnu.so[0m
[100%] [32m[1mLinking C shared library rosidl_generator_py/tello_msgs/tello_msgs_s__rosidl_typesupport_introspection_c.cpython-38-x86_64-linux-gnu.so[0m
[100%] Built target tello_msgs__rosidl_typesupport_c__pyext
[100%] Built target tello_msgs__rosidl_typesupport_introspection_c__pyext
[100%] Built target tello_msgs__rosidl_typesupport_fastrtps_c__pyext
-- Install configuration: ""
-- Installing: /home/sebastian/tello_ros_ws/src/install/tello_msgs/share/ament_index/resource_index/rosidl_interfaces/tello_msgs
-- Installing: /home/sebastian/tello_ros_ws/src/install/tello_msgs/include/tello_msgs
-- Installing: /home/sebastian/tello_ros_ws/src/install/tello_msgs/include/tello_msgs/msg
-- Installing: /home/sebastian/tello_ros_ws/src/install/tello_msgs/include/tello_msgs/msg/tello_response.h
-- Installing: /home/sebastian/tello_ros_ws/src/install/tello_msgs/include/tello_msgs/msg/detail
-- Installing: /home/sebastian/tello_ros_ws/src/install/tello_msgs/include/tello_msgs/msg/detail/tello_response__struct.h
-- Installing: /home/sebastian/tello_ros_ws/src/install/tello_msgs/include/tello_msgs/msg/detail/flight_data__functions.c
-- Installing: /home/sebastian/tello_ros_ws/src/install/tello_msgs/include/tello_msgs/msg/detail/flight_data__functions.h
-- Installing: /home/sebastian/tello_ros_ws/src/install/tello_msgs/include/tello_msgs/msg/detail/tello_response__functions.c
-- Installing: /home/sebastian/tello_ros_ws/src/install/tello_msgs/include/tello_msgs/msg/detail/flight_data__type_support.h
-- Installing: /home/sebastian/tello_ros_ws/src/install/tello_msgs/include/tello_msgs/msg/detail/tello_response__type_support.h
-- Installing: /home/sebastian/tello_ros_ws/src/install/tello_msgs/include/tello_msgs/msg/detail/flight_data__struct.h
-- Installing: /home/sebastian/tello_ros_ws/src/install/tello_msgs/include/tello_msgs/msg/detail/tello_response__functions.h
-- Installing: /home/sebastian/tello_ros_ws/src/install/tello_msgs/include/tello_msgs/msg/rosidl_generator_c__visibility_control.h
-- Installing: /home/sebastian/tello_ros_ws/src/install/tello_msgs/include/tello_msgs/msg/flight_data.h
-- Installing: /home/sebastian/tello_ros_ws/src/install/tello_msgs/include/tello_msgs/srv
-- Installing: /home/sebastian/tello_ros_ws/src/install/tello_msgs/include/tello_msgs/srv/detail
-- Installing: /home/sebastian/tello_ros_ws/src/install/tello_msgs/include/tello_msgs/srv/detail/tello_action__type_support.h
-- Installing: /home/sebastian/tello_ros_ws/src/install/tello_msgs/include/tello_msgs/srv/detail/tello_action__functions.c
-- Installing: /home/sebastian/tello_ros_ws/src/install/tello_msgs/include/tello_msgs/srv/detail/tello_action__functions.h
-- Installing: /home/sebastian/tello_ros_ws/src/install/tello_msgs/include/tello_msgs/srv/detail/tello_action__struct.h
-- Installing: /home/sebastian/tello_ros_ws/src/install/tello_msgs/include/tello_msgs/srv/tello_action.h
-- Installing: /home/sebastian/tello_ros_ws/src/install/tello_msgs/share/tello_msgs/environment/library_path.sh
-- Installing: /home/sebastian/tello_ros_ws/src/install/tello_msgs/share/tello_msgs/environment/library_path.dsv
-- Installing: /home/sebastian/tello_ros_ws/src/install/tello_msgs/lib/libtello_msgs__rosidl_generator_c.so
-- Set runtime path of "/home/sebastian/tello_ros_ws/src/install/tello_msgs/lib/libtello_msgs__rosidl_generator_c.so" to ""
-- Up-to-date: /home/sebastian/tello_ros_ws/src/install/tello_msgs/include/tello_msgs
-- Up-to-date: /home/sebastian/tello_ros_ws/src/install/tello_msgs/include/tello_msgs/msg
-- Up-to-date: /home/sebastian/tello_ros_ws/src/install/tello_msgs/include/tello_msgs/msg/detail
-- Installing: /home/sebastian/tello_ros_ws/src/install/tello_msgs/include/tello_msgs/msg/detail/tello_response__rosidl_typesupport_fastrtps_c.h
-- Installing: /home/sebastian/tello_ros_ws/src/install/tello_msgs/include/tello_msgs/msg/detail/flight_data__rosidl_typesupport_fastrtps_c.h
-- Installing: /home/sebastian/tello_ros_ws/src/install/tello_msgs/include/tello_msgs/msg/rosidl_typesupport_fastrtps_c__visibility_control.h
-- Up-to-date: /home/sebastian/tello_ros_ws/src/install/tello_msgs/include/tello_msgs/srv
-- Up-to-date: /home/sebastian/tello_ros_ws/src/install/tello_msgs/include/tello_msgs/srv/detail
-- Installing: /home/sebastian/tello_ros_ws/src/install/tello_msgs/include/tello_msgs/srv/detail/tello_action__rosidl_typesupport_fastrtps_c.h
-- Installing: /home/sebastian/tello_ros_ws/src/install/tello_msgs/lib/libtello_msgs__rosidl_typesupport_fastrtps_c.so
-- Set runtime path of "/home/sebastian/tello_ros_ws/src/install/tello_msgs/lib/libtello_msgs__rosidl_typesupport_fastrtps_c.so" to ""
-- Up-to-date: /home/sebastian/tello_ros_ws/src/install/tello_msgs/include/tello_msgs
-- Up-to-date: /home/sebastian/tello_ros_ws/src/install/tello_msgs/include/tello_msgs/msg
-- Up-to-date: /home/sebastian/tello_ros_ws/src/install/tello_msgs/include/tello_msgs/msg/detail
-- Installing: /home/sebastian/tello_ros_ws/src/install/tello_msgs/include/tello_msgs/msg/detail/dds_fastrtps
-- Installing: /home/sebastian/tello_ros_ws/src/install/tello_msgs/include/tello_msgs/msg/detail/flight_data__rosidl_typesupport_fastrtps_cpp.hpp
-- Installing: /home/sebastian/tello_ros_ws/src/install/tello_msgs/include/tello_msgs/msg/detail/tello_response__rosidl_typesupport_fastrtps_cpp.hpp
-- Installing: /home/sebastian/tello_ros_ws/src/install/tello_msgs/include/tello_msgs/msg/rosidl_typesupport_fastrtps_cpp__visibility_control.h
-- Up-to-date: /home/sebastian/tello_ros_ws/src/install/tello_msgs/include/tello_msgs/srv
-- Up-to-date: /home/sebastian/tello_ros_ws/src/install/tello_msgs/include/tello_msgs/srv/detail
-- Installing: /home/sebastian/tello_ros_ws/src/install/tello_msgs/include/tello_msgs/srv/detail/dds_fastrtps
-- Installing: /home/sebastian/tello_ros_ws/src/install/tello_msgs/include/tello_msgs/srv/detail/tello_action__rosidl_typesupport_fastrtps_cpp.hpp
-- Installing: /home/sebastian/tello_ros_ws/src/install/tello_msgs/lib/libtello_msgs__rosidl_typesupport_fastrtps_cpp.so
-- Set runtime path of "/home/sebastian/tello_ros_ws/src/install/tello_msgs/lib/libtello_msgs__rosidl_typesupport_fastrtps_cpp.so" to ""
-- Up-to-date: /home/sebastian/tello_ros_ws/src/install/tello_msgs/include/tello_msgs
-- Up-to-date: /home/sebastian/tello_ros_ws/src/install/tello_msgs/include/tello_msgs/msg
-- Up-to-date: /home/sebastian/tello_ros_ws/src/install/tello_msgs/include/tello_msgs/msg/detail
-- Installing: /home/sebastian/tello_ros_ws/src/install/tello_msgs/include/tello_msgs/msg/detail/tello_response__type_support.c
-- Installing: /home/sebastian/tello_ros_ws/src/install/tello_msgs/include/tello_msgs/msg/detail/flight_data__rosidl_typesupport_introspection_c.h
-- Installing: /home/sebastian/tello_ros_ws/src/install/tello_msgs/include/tello_msgs/msg/detail/tello_response__rosidl_typesupport_introspection_c.h
-- Installing: /home/sebastian/tello_ros_ws/src/install/tello_msgs/include/tello_msgs/msg/detail/flight_data__type_support.c
-- Installing: /home/sebastian/tello_ros_ws/src/install/tello_msgs/include/tello_msgs/msg/rosidl_typesupport_introspection_c__visibility_control.h
-- Up-to-date: /home/sebastian/tello_ros_ws/src/install/tello_msgs/include/tello_msgs/srv
-- Up-to-date: /home/sebastian/tello_ros_ws/src/install/tello_msgs/include/tello_msgs/srv/detail
-- Installing: /home/sebastian/tello_ros_ws/src/install/tello_msgs/include/tello_msgs/srv/detail/tello_action__rosidl_typesupport_introspection_c.h
-- Installing: /home/sebastian/tello_ros_ws/src/install/tello_msgs/include/tello_msgs/srv/detail/tello_action__type_support.c
-- Installing: /home/sebastian/tello_ros_ws/src/install/tello_msgs/lib/libtello_msgs__rosidl_typesupport_introspection_c.so
-- Set runtime path of "/home/sebastian/tello_ros_ws/src/install/tello_msgs/lib/libtello_msgs__rosidl_typesupport_introspection_c.so" to ""
-- Installing: /home/sebastian/tello_ros_ws/src/install/tello_msgs/lib/libtello_msgs__rosidl_typesupport_c.so
-- Set runtime path of "/home/sebastian/tello_ros_ws/src/install/tello_msgs/lib/libtello_msgs__rosidl_typesupport_c.so" to ""
-- Up-to-date: /home/sebastian/tello_ros_ws/src/install/tello_msgs/include/tello_msgs
-- Up-to-date: /home/sebastian/tello_ros_ws/src/install/tello_msgs/include/tello_msgs/msg
-- Up-to-date: /home/sebastian/tello_ros_ws/src/install/tello_msgs/include/tello_msgs/msg/detail
-- Installing: /home/sebastian/tello_ros_ws/src/install/tello_msgs/include/tello_msgs/msg/detail/flight_data__traits.hpp
-- Installing: /home/sebastian/tello_ros_ws/src/install/tello_msgs/include/tello_msgs/msg/detail/flight_data__struct.hpp
-- Installing: /home/sebastian/tello_ros_ws/src/install/tello_msgs/include/tello_msgs/msg/detail/tello_response__builder.hpp
-- Installing: /home/sebastian/tello_ros_ws/src/install/tello_msgs/include/tello_msgs/msg/detail/tello_response__struct.hpp
-- Installing: /home/sebastian/tello_ros_ws/src/install/tello_msgs/include/tello_msgs/msg/detail/tello_response__traits.hpp
-- Installing: /home/sebastian/tello_ros_ws/src/install/tello_msgs/include/tello_msgs/msg/detail/flight_data__builder.hpp
-- Installing: /home/sebastian/tello_ros_ws/src/install/tello_msgs/include/tello_msgs/msg/tello_response.hpp
-- Installing: /home/sebastian/tello_ros_ws/src/install/tello_msgs/include/tello_msgs/msg/flight_data.hpp
-- Up-to-date: /home/sebastian/tello_ros_ws/src/install/tello_msgs/include/tello_msgs/srv
-- Installing: /home/sebastian/tello_ros_ws/src/install/tello_msgs/include/tello_msgs/srv/tello_action.hpp
-- Up-to-date: /home/sebastian/tello_ros_ws/src/install/tello_msgs/include/tello_msgs/srv/detail
-- Installing: /home/sebastian/tello_ros_ws/src/install/tello_msgs/include/tello_msgs/srv/detail/tello_action__traits.hpp
-- Installing: /home/sebastian/tello_ros_ws/src/install/tello_msgs/include/tello_msgs/srv/detail/tello_action__struct.hpp
-- Installing: /home/sebastian/tello_ros_ws/src/install/tello_msgs/include/tello_msgs/srv/detail/tello_action__builder.hpp
-- Up-to-date: /home/sebastian/tello_ros_ws/src/install/tello_msgs/include/tello_msgs
-- Up-to-date: /home/sebastian/tello_ros_ws/src/install/tello_msgs/include/tello_msgs/msg
-- Up-to-date: /home/sebastian/tello_ros_ws/src/install/tello_msgs/include/tello_msgs/msg/detail
-- Installing: /home/sebastian/tello_ros_ws/src/install/tello_msgs/include/tello_msgs/msg/detail/flight_data__type_support.cpp
-- Installing: /home/sebastian/tello_ros_ws/src/install/tello_msgs/include/tello_msgs/msg/detail/flight_data__rosidl_typesupport_introspection_cpp.hpp
-- Installing: /home/sebastian/tello_ros_ws/src/install/tello_msgs/include/tello_msgs/msg/detail/tello_response__rosidl_typesupport_introspection_cpp.hpp
-- Installing: /home/sebastian/tello_ros_ws/src/install/tello_msgs/include/tello_msgs/msg/detail/tello_response__type_support.cpp
-- Up-to-date: /home/sebastian/tello_ros_ws/src/install/tello_msgs/include/tello_msgs/srv
-- Up-to-date: /home/sebastian/tello_ros_ws/src/install/tello_msgs/include/tello_msgs/srv/detail
-- Installing: /home/sebastian/tello_ros_ws/src/install/tello_msgs/include/tello_msgs/srv/detail/tello_action__rosidl_typesupport_introspection_cpp.hpp
-- Installing: /home/sebastian/tello_ros_ws/src/install/tello_msgs/include/tello_msgs/srv/detail/tello_action__type_support.cpp
-- Installing: /home/sebastian/tello_ros_ws/src/install/tello_msgs/lib/libtello_msgs__rosidl_typesupport_introspection_cpp.so
-- Set runtime path of "/home/sebastian/tello_ros_ws/src/install/tello_msgs/lib/libtello_msgs__rosidl_typesupport_introspection_cpp.so" to ""
-- Installing: /home/sebastian/tello_ros_ws/src/install/tello_msgs/lib/libtello_msgs__rosidl_typesupport_cpp.so
-- Set runtime path of "/home/sebastian/tello_ros_ws/src/install/tello_msgs/lib/libtello_msgs__rosidl_typesupport_cpp.so" to ""
-- Installing: /home/sebastian/tello_ros_ws/src/install/tello_msgs/share/tello_msgs/environment/pythonpath.sh
-- Installing: /home/sebastian/tello_ros_ws/src/install/tello_msgs/share/tello_msgs/environment/pythonpath.dsv
-- Installing: /home/sebastian/tello_ros_ws/src/install/tello_msgs/lib/python3.8/site-packages/tello_msgs/__init__.py
Compiling '/home/sebastian/tello_ros_ws/src/install/tello_msgs/lib/python3.8/site-packages/tello_msgs/__init__.py'...
-- Installing: /home/sebastian/tello_ros_ws/src/install/tello_msgs/lib/python3.8/site-packages/tello_msgs/msg
-- Installing: /home/sebastian/tello_ros_ws/src/install/tello_msgs/lib/python3.8/site-packages/tello_msgs/msg/__init__.py
-- Installing: /home/sebastian/tello_ros_ws/src/install/tello_msgs/lib/python3.8/site-packages/tello_msgs/msg/_tello_response_s.c
-- Installing: /home/sebastian/tello_ros_ws/src/install/tello_msgs/lib/python3.8/site-packages/tello_msgs/msg/_flight_data_s.c
-- Installing: /home/sebastian/tello_ros_ws/src/install/tello_msgs/lib/python3.8/site-packages/tello_msgs/msg/_flight_data.py
-- Installing: /home/sebastian/tello_ros_ws/src/install/tello_msgs/lib/python3.8/site-packages/tello_msgs/msg/_tello_response.py
-- Installing: /home/sebastian/tello_ros_ws/src/install/tello_msgs/lib/python3.8/site-packages/tello_msgs/srv
-- Installing: /home/sebastian/tello_ros_ws/src/install/tello_msgs/lib/python3.8/site-packages/tello_msgs/srv/__init__.py
-- Installing: /home/sebastian/tello_ros_ws/src/install/tello_msgs/lib/python3.8/site-packages/tello_msgs/srv/_tello_action_s.c
-- Installing: /home/sebastian/tello_ros_ws/src/install/tello_msgs/lib/python3.8/site-packages/tello_msgs/srv/_tello_action.py
-- Installing: /home/sebastian/tello_ros_ws/src/install/tello_msgs/lib/python3.8/site-packages/tello_msgs/tello_msgs_s__rosidl_typesupport_fastrtps_c.cpython-38-x86_64-linux-gnu.so
-- Set runtime path of "/home/sebastian/tello_ros_ws/src/install/tello_msgs/lib/python3.8/site-packages/tello_msgs/tello_msgs_s__rosidl_typesupport_fastrtps_c.cpython-38-x86_64-linux-gnu.so" to ""
-- Installing: /home/sebastian/tello_ros_ws/src/install/tello_msgs/lib/python3.8/site-packages/tello_msgs/tello_msgs_s__rosidl_typesupport_introspection_c.cpython-38-x86_64-linux-gnu.so
-- Set runtime path of "/home/sebastian/tello_ros_ws/src/install/tello_msgs/lib/python3.8/site-packages/tello_msgs/tello_msgs_s__rosidl_typesupport_introspection_c.cpython-38-x86_64-linux-gnu.so" to ""
-- Installing: /home/sebastian/tello_ros_ws/src/install/tello_msgs/lib/python3.8/site-packages/tello_msgs/tello_msgs_s__rosidl_typesupport_c.cpython-38-x86_64-linux-gnu.so
-- Set runtime path of "/home/sebastian/tello_ros_ws/src/install/tello_msgs/lib/python3.8/site-packages/tello_msgs/tello_msgs_s__rosidl_typesupport_c.cpython-38-x86_64-linux-gnu.so" to ""
-- Installing: /home/sebastian/tello_ros_ws/src/install/tello_msgs/lib/libtello_msgs__python.so
-- Set runtime path of "/home/sebastian/tello_ros_ws/src/install/tello_msgs/lib/libtello_msgs__python.so" to ""
-- Installing: /home/sebastian/tello_ros_ws/src/install/tello_msgs/share/tello_msgs/msg/FlightData.idl
-- Installing: /home/sebastian/tello_ros_ws/src/install/tello_msgs/share/tello_msgs/msg/TelloResponse.idl
-- Installing: /home/sebastian/tello_ros_ws/src/install/tello_msgs/share/tello_msgs/srv/TelloAction.idl
-- Installing: /home/sebastian/tello_ros_ws/src/install/tello_msgs/share/tello_msgs/msg/FlightData.msg
-- Installing: /home/sebastian/tello_ros_ws/src/install/tello_msgs/share/tello_msgs/msg/TelloResponse.msg
-- Installing: /home/sebastian/tello_ros_ws/src/install/tello_msgs/share/tello_msgs/srv/TelloAction.srv
-- Installing: /home/sebastian/tello_ros_ws/src/install/tello_msgs/share/tello_msgs/srv/TelloAction_Request.msg
-- Installing: /home/sebastian/tello_ros_ws/src/install/tello_msgs/share/tello_msgs/srv/TelloAction_Response.msg
-- Installing: /home/sebastian/tello_ros_ws/src/install/tello_msgs/share/ament_index/resource_index/package_run_dependencies/tello_msgs
-- Installing: /home/sebastian/tello_ros_ws/src/install/tello_msgs/share/ament_index/resource_index/parent_prefix_path/tello_msgs
-- Installing: /home/sebastian/tello_ros_ws/src/install/tello_msgs/share/tello_msgs/environment/ament_prefix_path.sh
-- Installing: /home/sebastian/tello_ros_ws/src/install/tello_msgs/share/tello_msgs/environment/ament_prefix_path.dsv
-- Installing: /home/sebastian/tello_ros_ws/src/install/tello_msgs/share/tello_msgs/environment/path.sh
-- Installing: /home/sebastian/tello_ros_ws/src/install/tello_msgs/share/tello_msgs/environment/path.dsv
-- Installing: /home/sebastian/tello_ros_ws/src/install/tello_msgs/share/tello_msgs/local_setup.bash
-- Installing: /home/sebastian/tello_ros_ws/src/install/tello_msgs/share/tello_msgs/local_setup.sh
-- Installing: /home/sebastian/tello_ros_ws/src/install/tello_msgs/share/tello_msgs/local_setup.zsh
-- Installing: /home/sebastian/tello_ros_ws/src/install/tello_msgs/share/tello_msgs/local_setup.dsv
-- Installing: /home/sebastian/tello_ros_ws/src/install/tello_msgs/share/tello_msgs/package.dsv
-- Installing: /home/sebastian/tello_ros_ws/src/install/tello_msgs/share/ament_index/resource_index/packages/tello_msgs
-- Installing: /home/sebastian/tello_ros_ws/src/install/tello_msgs/share/tello_msgs/cmake/tello_msgs__rosidl_generator_cExport.cmake
-- Installing: /home/sebastian/tello_ros_ws/src/install/tello_msgs/share/tello_msgs/cmake/tello_msgs__rosidl_generator_cExport-noconfig.cmake
-- Installing: /home/sebastian/tello_ros_ws/src/install/tello_msgs/share/tello_msgs/cmake/tello_msgs__rosidl_typesupport_introspection_cExport.cmake
-- Installing: /home/sebastian/tello_ros_ws/src/install/tello_msgs/share/tello_msgs/cmake/tello_msgs__rosidl_typesupport_introspection_cExport-noconfig.cmake
-- Installing: /home/sebastian/tello_ros_ws/src/install/tello_msgs/share/tello_msgs/cmake/tello_msgs__rosidl_typesupport_cExport.cmake
-- Installing: /home/sebastian/tello_ros_ws/src/install/tello_msgs/share/tello_msgs/cmake/tello_msgs__rosidl_typesupport_cExport-noconfig.cmake
-- Installing: /home/sebastian/tello_ros_ws/src/install/tello_msgs/share/tello_msgs/cmake/tello_msgs__rosidl_generator_cppExport.cmake
-- Installing: /home/sebastian/tello_ros_ws/src/install/tello_msgs/share/tello_msgs/cmake/tello_msgs__rosidl_typesupport_introspection_cppExport.cmake
-- Installing: /home/sebastian/tello_ros_ws/src/install/tello_msgs/share/tello_msgs/cmake/tello_msgs__rosidl_typesupport_introspection_cppExport-noconfig.cmake
-- Installing: /home/sebastian/tello_ros_ws/src/install/tello_msgs/share/tello_msgs/cmake/tello_msgs__rosidl_typesupport_cppExport.cmake
-- Installing: /home/sebastian/tello_ros_ws/src/install/tello_msgs/share/tello_msgs/cmake/tello_msgs__rosidl_typesupport_cppExport-noconfig.cmake
-- Installing: /home/sebastian/tello_ros_ws/src/install/tello_msgs/share/tello_msgs/cmake/rosidl_cmake-extras.cmake
-- Installing: /home/sebastian/tello_ros_ws/src/install/tello_msgs/share/tello_msgs/cmake/ament_cmake_export_dependencies-extras.cmake
-- Installing: /home/sebastian/tello_ros_ws/src/install/tello_msgs/share/tello_msgs/cmake/ament_cmake_export_libraries-extras.cmake
-- Installing: /home/sebastian/tello_ros_ws/src/install/tello_msgs/share/tello_msgs/cmake/ament_cmake_export_targets-extras.cmake
-- Installing: /home/sebastian/tello_ros_ws/src/install/tello_msgs/share/tello_msgs/cmake/ament_cmake_export_include_directories-extras.cmake
-- Installing: /home/sebastian/tello_ros_ws/src/install/tello_msgs/share/tello_msgs/cmake/rosidl_cmake_export_typesupport_libraries-extras.cmake
-- Installing: /home/sebastian/tello_ros_ws/src/install/tello_msgs/share/tello_msgs/cmake/rosidl_cmake_export_typesupport_targets-extras.cmake
-- Installing: /home/sebastian/tello_ros_ws/src/install/tello_msgs/share/tello_msgs/cmake/tello_msgsConfig.cmake
-- Installing: /home/sebastian/tello_ros_ws/src/install/tello_msgs/share/tello_msgs/cmake/tello_msgsConfig-version.cmake
-- Installing: /home/sebastian/tello_ros_ws/src/install/tello_msgs/share/tello_msgs/package.xml
