[0.067s] Invoking command in '/home/sebastian/tello_ros_ws/src/build/tello_msgs': CMAKE_PREFIX_PATH=${CMAKE_PREFIX_PATH}:/opt/ros/foxy /usr/bin/cmake /home/sebastian/tello_ros_ws/src/tello_ros/tello_msgs -DCMAKE_INSTALL_PREFIX=/home/sebastian/tello_ros_ws/src/install/tello_msgs
[0.128s] -- The C compiler identification is GNU 9.3.0
[0.182s] -- The CXX compiler identification is GNU 9.3.0
[0.188s] -- Check for working C compiler: /usr/bin/cc
[0.256s] -- Check for working C compiler: /usr/bin/cc -- works
[0.256s] -- Detecting C compiler ABI info
[0.327s] -- Detecting C compiler ABI info - done
[0.337s] -- Detecting C compile features
[0.337s] -- Detecting C compile features - done
[0.340s] -- Check for working CXX compiler: /usr/bin/c++
[0.419s] -- Check for working CXX compiler: /usr/bin/c++ -- works
[0.420s] -- Detecting CXX compiler ABI info
[0.501s] -- Detecting CXX compiler ABI info - done
[0.510s] -- Detecting CXX compile features
[0.510s] -- Detecting CXX compile features - done
[0.512s] -- Found ament_cmake: 0.9.9 (/opt/ros/foxy/share/ament_cmake/cmake)
[0.538s] -- Found PythonInterp: /usr/bin/python3 (found suitable version "3.8.10", minimum required is "3") 
[0.538s] -- Using PYTHON_EXECUTABLE: /usr/bin/python3
[0.745s] -- Found rosidl_default_generators: 1.0.1 (/opt/ros/foxy/share/rosidl_default_generators/cmake)
[0.748s] -- Using all available rosidl_typesupport_c: rosidl_typesupport_fastrtps_c;rosidl_typesupport_introspection_c
[0.756s] -- Found rosidl_adapter: 1.2.1 (/opt/ros/foxy/share/rosidl_adapter/cmake)
[0.868s] -- Found OpenSSL: /usr/lib/x86_64-linux-gnu/libcrypto.so (found version "1.1.1f")  
[0.926s] -- Found FastRTPS: /opt/ros/foxy/include  
[1.006s] -- Using all available rosidl_typesupport_cpp: rosidl_typesupport_fastrtps_cpp;rosidl_typesupport_introspection_cpp
[1.028s] -- Found std_msgs: 2.0.4 (/opt/ros/foxy/share/std_msgs/cmake)
[1.076s] -- Found PythonInterp: /usr/bin/python3 (found version "3.8.10") 
[1.228s] -- Found ament_cmake_ros: 0.9.2 (/opt/ros/foxy/share/ament_cmake_ros/cmake)
[1.365s] -- Using all available rosidl_typesupport_c: rosidl_typesupport_fastrtps_c;rosidl_typesupport_introspection_c
[1.408s] -- Using all available rosidl_typesupport_cpp: rosidl_typesupport_fastrtps_cpp;rosidl_typesupport_introspection_cpp
[1.430s] -- Found PythonInterp: /usr/bin/python3 (found suitable version "3.8.10", minimum required is "3.5") 
[1.433s] -- Found python_cmake_module: 0.8.1 (/opt/ros/foxy/share/python_cmake_module/cmake)
[1.459s] -- Found PythonLibs: /usr/lib/x86_64-linux-gnu/libpython3.8.so (found suitable version "3.8.10", minimum required is "3.5") 
[1.459s] -- Using PYTHON_EXECUTABLE: /usr/bin/python3
[1.460s] -- Using PYTHON_INCLUDE_DIRS: /usr/include/python3.8
[1.460s] -- Using PYTHON_LIBRARIES: /usr/lib/x86_64-linux-gnu/libpython3.8.so
[1.481s] -- Found PythonExtra: .so  
[1.542s] -- Configuring done
[1.574s] -- Generating done
[1.576s] -- Build files have been written to: /home/sebastian/tello_ros_ws/src/build/tello_msgs
[1.583s] Invoked command in '/home/sebastian/tello_ros_ws/src/build/tello_msgs' returned '0': CMAKE_PREFIX_PATH=${CMAKE_PREFIX_PATH}:/opt/ros/foxy /usr/bin/cmake /home/sebastian/tello_ros_ws/src/tello_ros/tello_msgs -DCMAKE_INSTALL_PREFIX=/home/sebastian/tello_ros_ws/src/install/tello_msgs
[1.586s] Invoking command in '/home/sebastian/tello_ros_ws/src/build/tello_msgs': CMAKE_PREFIX_PATH=${CMAKE_PREFIX_PATH}:/opt/ros/foxy /usr/bin/cmake --build /home/sebastian/tello_ros_ws/src/build/tello_msgs -- -j16 -l16
[1.625s] [  2%] [34m[1mGenerating C code for ROS interfaces[0m
[1.626s] [35m[1mScanning dependencies of target tello_msgs__cpp[0m
[1.637s] [  4%] [34m[1mGenerating C++ code for ROS interfaces[0m
[2.146s] [  4%] Built target tello_msgs__cpp
[2.158s] [  8%] [34m[1mGenerating C++ type support dispatch for ROS interfaces[0m
[2.158s] [  8%] [34m[1mGenerating C++ introspection for ROS interfaces[0m
[2.163s] [ 10%] [34m[1mGenerating C++ type support for eProsima Fast-RTPS[0m
[2.166s] [35m[1mScanning dependencies of target tello_msgs__rosidl_generator_c[0m
[2.183s] [ 17%] [32mBuilding C object CMakeFiles/tello_msgs__rosidl_generator_c.dir/rosidl_generator_c/tello_msgs/srv/detail/tello_action__functions.c.o[0m
[2.183s] [ 17%] [32mBuilding C object CMakeFiles/tello_msgs__rosidl_generator_c.dir/rosidl_generator_c/tello_msgs/msg/detail/flight_data__functions.c.o[0m
[2.183s] [ 17%] [32mBuilding C object CMakeFiles/tello_msgs__rosidl_generator_c.dir/rosidl_generator_c/tello_msgs/msg/detail/tello_response__functions.c.o[0m
[2.246s] [ 19%] [32m[1mLinking C shared library libtello_msgs__rosidl_generator_c.so[0m
[2.290s] [ 19%] Built target tello_msgs__rosidl_generator_c
[2.301s] [ 21%] [34m[1mGenerating C introspection for ROS interfaces[0m
[2.301s] [ 23%] [34m[1mGenerating C type support dispatch for ROS interfaces[0m
[2.855s] [35m[1mScanning dependencies of target tello_msgs__rosidl_typesupport_cpp[0m
[2.876s] [ 29%] [32mBuilding CXX object CMakeFiles/tello_msgs__rosidl_typesupport_cpp.dir/rosidl_typesupport_cpp/tello_msgs/srv/tello_action__type_support.cpp.o[0m
[2.876s] [ 29%] [32mBuilding CXX object CMakeFiles/tello_msgs__rosidl_typesupport_cpp.dir/rosidl_typesupport_cpp/tello_msgs/msg/tello_response__type_support.cpp.o[0m
[2.876s] [ 29%] [32mBuilding CXX object CMakeFiles/tello_msgs__rosidl_typesupport_cpp.dir/rosidl_typesupport_cpp/tello_msgs/msg/flight_data__type_support.cpp.o[0m
[3.015s] [35m[1mScanning dependencies of target tello_msgs__rosidl_typesupport_fastrtps_cpp[0m
[3.056s] [ 31%] [32mBuilding CXX object CMakeFiles/tello_msgs__rosidl_typesupport_fastrtps_cpp.dir/rosidl_typesupport_fastrtps_cpp/tello_msgs/msg/detail/dds_fastrtps/flight_data__type_support.cpp.o[0m
[3.065s] [ 34%] [32mBuilding CXX object CMakeFiles/tello_msgs__rosidl_typesupport_fastrtps_cpp.dir/rosidl_typesupport_fastrtps_cpp/tello_msgs/msg/detail/dds_fastrtps/tello_response__type_support.cpp.o[0m
[3.070s] [ 36%] [32mBuilding CXX object CMakeFiles/tello_msgs__rosidl_typesupport_fastrtps_cpp.dir/rosidl_typesupport_fastrtps_cpp/tello_msgs/srv/detail/dds_fastrtps/tello_action__type_support.cpp.o[0m
[3.284s] [35m[1mScanning dependencies of target tello_msgs__rosidl_typesupport_introspection_cpp[0m
[3.323s] [ 40%] [32mBuilding CXX object CMakeFiles/tello_msgs__rosidl_typesupport_introspection_cpp.dir/rosidl_typesupport_introspection_cpp/tello_msgs/msg/detail/flight_data__type_support.cpp.o[0m
[3.323s] [ 40%] [32mBuilding CXX object CMakeFiles/tello_msgs__rosidl_typesupport_introspection_cpp.dir/rosidl_typesupport_introspection_cpp/tello_msgs/msg/detail/tello_response__type_support.cpp.o[0m
[3.334s] [ 42%] [32mBuilding CXX object CMakeFiles/tello_msgs__rosidl_typesupport_introspection_cpp.dir/rosidl_typesupport_introspection_cpp/tello_msgs/srv/detail/tello_action__type_support.cpp.o[0m
[3.403s] [ 44%] [32m[1mLinking CXX shared library libtello_msgs__rosidl_typesupport_cpp.so[0m
[3.431s] [35m[1mScanning dependencies of target tello_msgs__rosidl_typesupport_c[0m
[3.477s] [ 46%] [32mBuilding CXX object CMakeFiles/tello_msgs__rosidl_typesupport_c.dir/rosidl_typesupport_c/tello_msgs/msg/flight_data__type_support.cpp.o[0m
[3.481s] [ 48%] [32mBuilding CXX object CMakeFiles/tello_msgs__rosidl_typesupport_c.dir/rosidl_typesupport_c/tello_msgs/msg/tello_response__type_support.cpp.o[0m
[3.482s] [ 51%] [32mBuilding CXX object CMakeFiles/tello_msgs__rosidl_typesupport_c.dir/rosidl_typesupport_c/tello_msgs/srv/tello_action__type_support.cpp.o[0m
[3.493s] [35m[1mScanning dependencies of target tello_msgs__rosidl_typesupport_introspection_c[0m
[3.532s] [ 51%] Built target tello_msgs__rosidl_typesupport_cpp
[3.532s] [ 53%] [32mBuilding C object CMakeFiles/tello_msgs__rosidl_typesupport_introspection_c.dir/rosidl_typesupport_introspection_c/tello_msgs/msg/detail/flight_data__type_support.c.o[0m
[3.549s] [ 55%] [32mBuilding C object CMakeFiles/tello_msgs__rosidl_typesupport_introspection_c.dir/rosidl_typesupport_introspection_c/tello_msgs/srv/detail/tello_action__type_support.c.o[0m
[3.552s] [ 57%] [32m[1mLinking CXX shared library libtello_msgs__rosidl_typesupport_c.so[0m
[3.564s] [ 59%] [32mBuilding C object CMakeFiles/tello_msgs__rosidl_typesupport_introspection_c.dir/rosidl_typesupport_introspection_c/tello_msgs/msg/detail/tello_response__type_support.c.o[0m
[3.606s] [ 61%] [32m[1mLinking C shared library libtello_msgs__rosidl_typesupport_introspection_c.so[0m
[3.612s] [ 61%] Built target tello_msgs__rosidl_typesupport_c
[3.650s] [ 61%] Built target tello_msgs__rosidl_typesupport_introspection_c
[3.837s] [ 63%] [32m[1mLinking CXX shared library libtello_msgs__rosidl_typesupport_introspection_cpp.so[0m
[3.866s] [ 65%] [32m[1mLinking CXX shared library libtello_msgs__rosidl_typesupport_fastrtps_cpp.so[0m
[3.906s] [ 65%] Built target tello_msgs__rosidl_typesupport_introspection_cpp
[3.995s] [ 65%] Built target tello_msgs__rosidl_typesupport_fastrtps_cpp
[4.005s] [ 68%] [34m[1mGenerating C type support for eProsima Fast-RTPS[0m
[4.476s] [35m[1mScanning dependencies of target tello_msgs__rosidl_typesupport_fastrtps_c[0m
[4.494s] [ 74%] [32mBuilding CXX object CMakeFiles/tello_msgs__rosidl_typesupport_fastrtps_c.dir/rosidl_typesupport_fastrtps_c/tello_msgs/srv/detail/tello_action__type_support_c.cpp.o[0m
[4.494s] [ 74%] [32mBuilding CXX object CMakeFiles/tello_msgs__rosidl_typesupport_fastrtps_c.dir/rosidl_typesupport_fastrtps_c/tello_msgs/msg/detail/flight_data__type_support_c.cpp.o[0m
[4.494s] [ 74%] [32mBuilding CXX object CMakeFiles/tello_msgs__rosidl_typesupport_fastrtps_c.dir/rosidl_typesupport_fastrtps_c/tello_msgs/msg/detail/tello_response__type_support_c.cpp.o[0m
[4.894s] [ 76%] [32m[1mLinking CXX shared library libtello_msgs__rosidl_typesupport_fastrtps_c.so[0m
[4.991s] [ 76%] Built target tello_msgs__rosidl_typesupport_fastrtps_c
[5.000s] [35m[1mScanning dependencies of target tello_msgs[0m
[5.010s] [ 76%] Built target tello_msgs
[5.024s] [35m[1mScanning dependencies of target tello_msgs__py[0m
[5.043s] [ 78%] [34m[1mGenerating Python code for ROS interfaces[0m
[6.013s] [ 78%] Built target tello_msgs__py
[6.024s] [35m[1mScanning dependencies of target tello_msgs__python[0m
[6.042s] [ 82%] [32mBuilding C object CMakeFiles/tello_msgs__python.dir/rosidl_generator_py/tello_msgs/msg/_flight_data_s.c.o[0m
[6.042s] [ 82%] [32mBuilding C object CMakeFiles/tello_msgs__python.dir/rosidl_generator_py/tello_msgs/msg/_tello_response_s.c.o[0m
[6.043s] [ 85%] [32mBuilding C object CMakeFiles/tello_msgs__python.dir/rosidl_generator_py/tello_msgs/srv/_tello_action_s.c.o[0m
[6.136s] [ 87%] [32m[1mLinking C shared library rosidl_generator_py/tello_msgs/libtello_msgs__python.so[0m
[6.177s] [ 87%] Built target tello_msgs__python
[6.187s] [35m[1mScanning dependencies of target tello_msgs__rosidl_typesupport_c__pyext[0m
[6.188s] [35m[1mScanning dependencies of target tello_msgs__rosidl_typesupport_fastrtps_c__pyext[0m
[6.188s] [35m[1mScanning dependencies of target tello_msgs__rosidl_typesupport_introspection_c__pyext[0m
[6.207s] [ 91%] [32mBuilding C object CMakeFiles/tello_msgs__rosidl_typesupport_fastrtps_c__pyext.dir/rosidl_generator_py/tello_msgs/_tello_msgs_s.ep.rosidl_typesupport_fastrtps_c.c.o[0m
[6.207s] [ 91%] [32mBuilding C object CMakeFiles/tello_msgs__rosidl_typesupport_c__pyext.dir/rosidl_generator_py/tello_msgs/_tello_msgs_s.ep.rosidl_typesupport_c.c.o[0m
[6.209s] [ 93%] [32mBuilding C object CMakeFiles/tello_msgs__rosidl_typesupport_introspection_c__pyext.dir/rosidl_generator_py/tello_msgs/_tello_msgs_s.ep.rosidl_typesupport_introspection_c.c.o[0m
[6.287s] [ 95%] [32m[1mLinking C shared library rosidl_generator_py/tello_msgs/tello_msgs_s__rosidl_typesupport_c.cpython-38-x86_64-linux-gnu.so[0m
[6.290s] [ 97%] [32m[1mLinking CXX shared library rosidl_generator_py/tello_msgs/tello_msgs_s__rosidl_typesupport_fastrtps_c.cpython-38-x86_64-linux-gnu.so[0m
[6.294s] [100%] [32m[1mLinking C shared library rosidl_generator_py/tello_msgs/tello_msgs_s__rosidl_typesupport_introspection_c.cpython-38-x86_64-linux-gnu.so[0m
[6.331s] [100%] Built target tello_msgs__rosidl_typesupport_c__pyext
[6.337s] [100%] Built target tello_msgs__rosidl_typesupport_introspection_c__pyext
[6.366s] [100%] Built target tello_msgs__rosidl_typesupport_fastrtps_c__pyext
[6.377s] Invoked command in '/home/sebastian/tello_ros_ws/src/build/tello_msgs' returned '0': CMAKE_PREFIX_PATH=${CMAKE_PREFIX_PATH}:/opt/ros/foxy /usr/bin/cmake --build /home/sebastian/tello_ros_ws/src/build/tello_msgs -- -j16 -l16
[6.491s] Invoking command in '/home/sebastian/tello_ros_ws/src/build/tello_msgs': CMAKE_PREFIX_PATH=${CMAKE_PREFIX_PATH}:/opt/ros/foxy /usr/bin/cmake --install /home/sebastian/tello_ros_ws/src/build/tello_msgs
[6.502s] -- Install configuration: ""
[6.502s] -- Installing: /home/sebastian/tello_ros_ws/src/install/tello_msgs/share/ament_index/resource_index/rosidl_interfaces/tello_msgs
[6.503s] -- Installing: /home/sebastian/tello_ros_ws/src/install/tello_msgs/include/tello_msgs
[6.503s] -- Installing: /home/sebastian/tello_ros_ws/src/install/tello_msgs/include/tello_msgs/msg
[6.504s] -- Installing: /home/sebastian/tello_ros_ws/src/install/tello_msgs/include/tello_msgs/msg/tello_response.h
[6.504s] -- Installing: /home/sebastian/tello_ros_ws/src/install/tello_msgs/include/tello_msgs/msg/detail
[6.504s] -- Installing: /home/sebastian/tello_ros_ws/src/install/tello_msgs/include/tello_msgs/msg/detail/tello_response__struct.h
[6.504s] -- Installing: /home/sebastian/tello_ros_ws/src/install/tello_msgs/include/tello_msgs/msg/detail/flight_data__functions.c
[6.504s] -- Installing: /home/sebastian/tello_ros_ws/src/install/tello_msgs/include/tello_msgs/msg/detail/flight_data__functions.h
[6.504s] -- Installing: /home/sebastian/tello_ros_ws/src/install/tello_msgs/include/tello_msgs/msg/detail/tello_response__functions.c
[6.504s] -- Installing: /home/sebastian/tello_ros_ws/src/install/tello_msgs/include/tello_msgs/msg/detail/flight_data__type_support.h
[6.505s] -- Installing: /home/sebastian/tello_ros_ws/src/install/tello_msgs/include/tello_msgs/msg/detail/tello_response__type_support.h
[6.505s] -- Installing: /home/sebastian/tello_ros_ws/src/install/tello_msgs/include/tello_msgs/msg/detail/flight_data__struct.h
[6.506s] -- Installing: /home/sebastian/tello_ros_ws/src/install/tello_msgs/include/tello_msgs/msg/detail/tello_response__functions.h
[6.506s] -- Installing: /home/sebastian/tello_ros_ws/src/install/tello_msgs/include/tello_msgs/msg/rosidl_generator_c__visibility_control.h
[6.506s] -- Installing: /home/sebastian/tello_ros_ws/src/install/tello_msgs/include/tello_msgs/msg/flight_data.h
[6.506s] -- Installing: /home/sebastian/tello_ros_ws/src/install/tello_msgs/include/tello_msgs/srv
[6.507s] -- Installing: /home/sebastian/tello_ros_ws/src/install/tello_msgs/include/tello_msgs/srv/detail
[6.507s] -- Installing: /home/sebastian/tello_ros_ws/src/install/tello_msgs/include/tello_msgs/srv/detail/tello_action__type_support.h
[6.507s] -- Installing: /home/sebastian/tello_ros_ws/src/install/tello_msgs/include/tello_msgs/srv/detail/tello_action__functions.c
[6.507s] -- Installing: /home/sebastian/tello_ros_ws/src/install/tello_msgs/include/tello_msgs/srv/detail/tello_action__functions.h
[6.507s] -- Installing: /home/sebastian/tello_ros_ws/src/install/tello_msgs/include/tello_msgs/srv/detail/tello_action__struct.h
[6.508s] -- Installing: /home/sebastian/tello_ros_ws/src/install/tello_msgs/include/tello_msgs/srv/tello_action.h
[6.508s] -- Installing: /home/sebastian/tello_ros_ws/src/install/tello_msgs/share/tello_msgs/environment/library_path.sh
[6.508s] -- Installing: /home/sebastian/tello_ros_ws/src/install/tello_msgs/share/tello_msgs/environment/library_path.dsv
[6.508s] -- Installing: /home/sebastian/tello_ros_ws/src/install/tello_msgs/lib/libtello_msgs__rosidl_generator_c.so
[6.508s] -- Set runtime path of "/home/sebastian/tello_ros_ws/src/install/tello_msgs/lib/libtello_msgs__rosidl_generator_c.so" to ""
[6.508s] -- Up-to-date: /home/sebastian/tello_ros_ws/src/install/tello_msgs/include/tello_msgs
[6.508s] -- Up-to-date: /home/sebastian/tello_ros_ws/src/install/tello_msgs/include/tello_msgs/msg
[6.508s] -- Up-to-date: /home/sebastian/tello_ros_ws/src/install/tello_msgs/include/tello_msgs/msg/detail
[6.508s] -- Installing: /home/sebastian/tello_ros_ws/src/install/tello_msgs/include/tello_msgs/msg/detail/tello_response__rosidl_typesupport_fastrtps_c.h
[6.509s] -- Installing: /home/sebastian/tello_ros_ws/src/install/tello_msgs/include/tello_msgs/msg/detail/flight_data__rosidl_typesupport_fastrtps_c.h
[6.509s] -- Installing: /home/sebastian/tello_ros_ws/src/install/tello_msgs/include/tello_msgs/msg/rosidl_typesupport_fastrtps_c__visibility_control.h
[6.509s] -- Up-to-date: /home/sebastian/tello_ros_ws/src/install/tello_msgs/include/tello_msgs/srv
[6.509s] -- Up-to-date: /home/sebastian/tello_ros_ws/src/install/tello_msgs/include/tello_msgs/srv/detail
[6.509s] -- Installing: /home/sebastian/tello_ros_ws/src/install/tello_msgs/include/tello_msgs/srv/detail/tello_action__rosidl_typesupport_fastrtps_c.h
[6.509s] -- Installing: /home/sebastian/tello_ros_ws/src/install/tello_msgs/lib/libtello_msgs__rosidl_typesupport_fastrtps_c.so
[6.509s] -- Set runtime path of "/home/sebastian/tello_ros_ws/src/install/tello_msgs/lib/libtello_msgs__rosidl_typesupport_fastrtps_c.so" to ""
[6.509s] -- Up-to-date: /home/sebastian/tello_ros_ws/src/install/tello_msgs/include/tello_msgs
[6.509s] -- Up-to-date: /home/sebastian/tello_ros_ws/src/install/tello_msgs/include/tello_msgs/msg
[6.509s] -- Up-to-date: /home/sebastian/tello_ros_ws/src/install/tello_msgs/include/tello_msgs/msg/detail
[6.510s] -- Installing: /home/sebastian/tello_ros_ws/src/install/tello_msgs/include/tello_msgs/msg/detail/dds_fastrtps
[6.510s] -- Installing: /home/sebastian/tello_ros_ws/src/install/tello_msgs/include/tello_msgs/msg/detail/flight_data__rosidl_typesupport_fastrtps_cpp.hpp
[6.510s] -- Installing: /home/sebastian/tello_ros_ws/src/install/tello_msgs/include/tello_msgs/msg/detail/tello_response__rosidl_typesupport_fastrtps_cpp.hpp
[6.510s] -- Installing: /home/sebastian/tello_ros_ws/src/install/tello_msgs/include/tello_msgs/msg/rosidl_typesupport_fastrtps_cpp__visibility_control.h
[6.510s] -- Up-to-date: /home/sebastian/tello_ros_ws/src/install/tello_msgs/include/tello_msgs/srv
[6.510s] -- Up-to-date: /home/sebastian/tello_ros_ws/src/install/tello_msgs/include/tello_msgs/srv/detail
[6.510s] -- Installing: /home/sebastian/tello_ros_ws/src/install/tello_msgs/include/tello_msgs/srv/detail/dds_fastrtps
[6.510s] -- Installing: /home/sebastian/tello_ros_ws/src/install/tello_msgs/include/tello_msgs/srv/detail/tello_action__rosidl_typesupport_fastrtps_cpp.hpp
[6.510s] -- Installing: /home/sebastian/tello_ros_ws/src/install/tello_msgs/lib/libtello_msgs__rosidl_typesupport_fastrtps_cpp.so
[6.511s] -- Set runtime path of "/home/sebastian/tello_ros_ws/src/install/tello_msgs/lib/libtello_msgs__rosidl_typesupport_fastrtps_cpp.so" to ""
[6.511s] -- Up-to-date: /home/sebastian/tello_ros_ws/src/install/tello_msgs/include/tello_msgs
[6.511s] -- Up-to-date: /home/sebastian/tello_ros_ws/src/install/tello_msgs/include/tello_msgs/msg
[6.511s] -- Up-to-date: /home/sebastian/tello_ros_ws/src/install/tello_msgs/include/tello_msgs/msg/detail
[6.511s] -- Installing: /home/sebastian/tello_ros_ws/src/install/tello_msgs/include/tello_msgs/msg/detail/tello_response__type_support.c
[6.511s] -- Installing: /home/sebastian/tello_ros_ws/src/install/tello_msgs/include/tello_msgs/msg/detail/flight_data__rosidl_typesupport_introspection_c.h
[6.511s] -- Installing: /home/sebastian/tello_ros_ws/src/install/tello_msgs/include/tello_msgs/msg/detail/tello_response__rosidl_typesupport_introspection_c.h
[6.512s] -- Installing: /home/sebastian/tello_ros_ws/src/install/tello_msgs/include/tello_msgs/msg/detail/flight_data__type_support.c
[6.512s] -- Installing: /home/sebastian/tello_ros_ws/src/install/tello_msgs/include/tello_msgs/msg/rosidl_typesupport_introspection_c__visibility_control.h
[6.512s] -- Up-to-date: /home/sebastian/tello_ros_ws/src/install/tello_msgs/include/tello_msgs/srv
[6.512s] -- Up-to-date: /home/sebastian/tello_ros_ws/src/install/tello_msgs/include/tello_msgs/srv/detail
[6.513s] -- Installing: /home/sebastian/tello_ros_ws/src/install/tello_msgs/include/tello_msgs/srv/detail/tello_action__rosidl_typesupport_introspection_c.h
[6.513s] -- Installing: /home/sebastian/tello_ros_ws/src/install/tello_msgs/include/tello_msgs/srv/detail/tello_action__type_support.c
[6.513s] -- Installing: /home/sebastian/tello_ros_ws/src/install/tello_msgs/lib/libtello_msgs__rosidl_typesupport_introspection_c.so
[6.513s] -- Set runtime path of "/home/sebastian/tello_ros_ws/src/install/tello_msgs/lib/libtello_msgs__rosidl_typesupport_introspection_c.so" to ""
[6.514s] -- Installing: /home/sebastian/tello_ros_ws/src/install/tello_msgs/lib/libtello_msgs__rosidl_typesupport_c.so
[6.514s] -- Set runtime path of "/home/sebastian/tello_ros_ws/src/install/tello_msgs/lib/libtello_msgs__rosidl_typesupport_c.so" to ""
[6.514s] -- Up-to-date: /home/sebastian/tello_ros_ws/src/install/tello_msgs/include/tello_msgs
[6.514s] -- Up-to-date: /home/sebastian/tello_ros_ws/src/install/tello_msgs/include/tello_msgs/msg
[6.515s] -- Up-to-date: /home/sebastian/tello_ros_ws/src/install/tello_msgs/include/tello_msgs/msg/detail
[6.515s] -- Installing: /home/sebastian/tello_ros_ws/src/install/tello_msgs/include/tello_msgs/msg/detail/flight_data__traits.hpp
[6.515s] -- Installing: /home/sebastian/tello_ros_ws/src/install/tello_msgs/include/tello_msgs/msg/detail/flight_data__struct.hpp
[6.515s] -- Installing: /home/sebastian/tello_ros_ws/src/install/tello_msgs/include/tello_msgs/msg/detail/tello_response__builder.hpp
[6.515s] -- Installing: /home/sebastian/tello_ros_ws/src/install/tello_msgs/include/tello_msgs/msg/detail/tello_response__struct.hpp
[6.515s] -- Installing: /home/sebastian/tello_ros_ws/src/install/tello_msgs/include/tello_msgs/msg/detail/tello_response__traits.hpp
[6.515s] -- Installing: /home/sebastian/tello_ros_ws/src/install/tello_msgs/include/tello_msgs/msg/detail/flight_data__builder.hpp
[6.515s] -- Installing: /home/sebastian/tello_ros_ws/src/install/tello_msgs/include/tello_msgs/msg/tello_response.hpp
[6.515s] -- Installing: /home/sebastian/tello_ros_ws/src/install/tello_msgs/include/tello_msgs/msg/flight_data.hpp
[6.516s] -- Up-to-date: /home/sebastian/tello_ros_ws/src/install/tello_msgs/include/tello_msgs/srv
[6.516s] -- Installing: /home/sebastian/tello_ros_ws/src/install/tello_msgs/include/tello_msgs/srv/tello_action.hpp
[6.516s] -- Up-to-date: /home/sebastian/tello_ros_ws/src/install/tello_msgs/include/tello_msgs/srv/detail
[6.516s] -- Installing: /home/sebastian/tello_ros_ws/src/install/tello_msgs/include/tello_msgs/srv/detail/tello_action__traits.hpp
[6.516s] -- Installing: /home/sebastian/tello_ros_ws/src/install/tello_msgs/include/tello_msgs/srv/detail/tello_action__struct.hpp
[6.516s] -- Installing: /home/sebastian/tello_ros_ws/src/install/tello_msgs/include/tello_msgs/srv/detail/tello_action__builder.hpp
[6.516s] -- Up-to-date: /home/sebastian/tello_ros_ws/src/install/tello_msgs/include/tello_msgs
[6.516s] -- Up-to-date: /home/sebastian/tello_ros_ws/src/install/tello_msgs/include/tello_msgs/msg
[6.516s] -- Up-to-date: /home/sebastian/tello_ros_ws/src/install/tello_msgs/include/tello_msgs/msg/detail
[6.516s] -- Installing: /home/sebastian/tello_ros_ws/src/install/tello_msgs/include/tello_msgs/msg/detail/flight_data__type_support.cpp
[6.516s] -- Installing: /home/sebastian/tello_ros_ws/src/install/tello_msgs/include/tello_msgs/msg/detail/flight_data__rosidl_typesupport_introspection_cpp.hpp
[6.516s] -- Installing: /home/sebastian/tello_ros_ws/src/install/tello_msgs/include/tello_msgs/msg/detail/tello_response__rosidl_typesupport_introspection_cpp.hpp
[6.516s] -- Installing: /home/sebastian/tello_ros_ws/src/install/tello_msgs/include/tello_msgs/msg/detail/tello_response__type_support.cpp
[6.516s] -- Up-to-date: /home/sebastian/tello_ros_ws/src/install/tello_msgs/include/tello_msgs/srv
[6.516s] -- Up-to-date: /home/sebastian/tello_ros_ws/src/install/tello_msgs/include/tello_msgs/srv/detail
[6.516s] -- Installing: /home/sebastian/tello_ros_ws/src/install/tello_msgs/include/tello_msgs/srv/detail/tello_action__rosidl_typesupport_introspection_cpp.hpp
[6.516s] -- Installing: /home/sebastian/tello_ros_ws/src/install/tello_msgs/include/tello_msgs/srv/detail/tello_action__type_support.cpp
[6.516s] -- Installing: /home/sebastian/tello_ros_ws/src/install/tello_msgs/lib/libtello_msgs__rosidl_typesupport_introspection_cpp.so
[6.516s] -- Set runtime path of "/home/sebastian/tello_ros_ws/src/install/tello_msgs/lib/libtello_msgs__rosidl_typesupport_introspection_cpp.so" to ""
[6.516s] -- Installing: /home/sebastian/tello_ros_ws/src/install/tello_msgs/lib/libtello_msgs__rosidl_typesupport_cpp.so
[6.516s] -- Set runtime path of "/home/sebastian/tello_ros_ws/src/install/tello_msgs/lib/libtello_msgs__rosidl_typesupport_cpp.so" to ""
[6.517s] -- Installing: /home/sebastian/tello_ros_ws/src/install/tello_msgs/share/tello_msgs/environment/pythonpath.sh
[6.517s] -- Installing: /home/sebastian/tello_ros_ws/src/install/tello_msgs/share/tello_msgs/environment/pythonpath.dsv
[6.517s] -- Installing: /home/sebastian/tello_ros_ws/src/install/tello_msgs/lib/python3.8/site-packages/tello_msgs/__init__.py
[6.545s] Compiling '/home/sebastian/tello_ros_ws/src/install/tello_msgs/lib/python3.8/site-packages/tello_msgs/__init__.py'...
[6.551s] -- Installing: /home/sebastian/tello_ros_ws/src/install/tello_msgs/lib/python3.8/site-packages/tello_msgs/msg
[6.552s] -- Installing: /home/sebastian/tello_ros_ws/src/install/tello_msgs/lib/python3.8/site-packages/tello_msgs/msg/__init__.py
[6.552s] -- Installing: /home/sebastian/tello_ros_ws/src/install/tello_msgs/lib/python3.8/site-packages/tello_msgs/msg/_tello_response_s.c
[6.552s] -- Installing: /home/sebastian/tello_ros_ws/src/install/tello_msgs/lib/python3.8/site-packages/tello_msgs/msg/_flight_data_s.c
[6.552s] -- Installing: /home/sebastian/tello_ros_ws/src/install/tello_msgs/lib/python3.8/site-packages/tello_msgs/msg/_flight_data.py
[6.552s] -- Installing: /home/sebastian/tello_ros_ws/src/install/tello_msgs/lib/python3.8/site-packages/tello_msgs/msg/_tello_response.py
[6.553s] -- Installing: /home/sebastian/tello_ros_ws/src/install/tello_msgs/lib/python3.8/site-packages/tello_msgs/srv
[6.553s] -- Installing: /home/sebastian/tello_ros_ws/src/install/tello_msgs/lib/python3.8/site-packages/tello_msgs/srv/__init__.py
[6.554s] -- Installing: /home/sebastian/tello_ros_ws/src/install/tello_msgs/lib/python3.8/site-packages/tello_msgs/srv/_tello_action_s.c
[6.554s] -- Installing: /home/sebastian/tello_ros_ws/src/install/tello_msgs/lib/python3.8/site-packages/tello_msgs/srv/_tello_action.py
[6.554s] -- Installing: /home/sebastian/tello_ros_ws/src/install/tello_msgs/lib/python3.8/site-packages/tello_msgs/tello_msgs_s__rosidl_typesupport_fastrtps_c.cpython-38-x86_64-linux-gnu.so
[6.555s] -- Set runtime path of "/home/sebastian/tello_ros_ws/src/install/tello_msgs/lib/python3.8/site-packages/tello_msgs/tello_msgs_s__rosidl_typesupport_fastrtps_c.cpython-38-x86_64-linux-gnu.so" to ""
[6.556s] -- Installing: /home/sebastian/tello_ros_ws/src/install/tello_msgs/lib/python3.8/site-packages/tello_msgs/tello_msgs_s__rosidl_typesupport_introspection_c.cpython-38-x86_64-linux-gnu.so
[6.556s] -- Set runtime path of "/home/sebastian/tello_ros_ws/src/install/tello_msgs/lib/python3.8/site-packages/tello_msgs/tello_msgs_s__rosidl_typesupport_introspection_c.cpython-38-x86_64-linux-gnu.so" to ""
[6.557s] -- Installing: /home/sebastian/tello_ros_ws/src/install/tello_msgs/lib/python3.8/site-packages/tello_msgs/tello_msgs_s__rosidl_typesupport_c.cpython-38-x86_64-linux-gnu.so
[6.558s] -- Set runtime path of "/home/sebastian/tello_ros_ws/src/install/tello_msgs/lib/python3.8/site-packages/tello_msgs/tello_msgs_s__rosidl_typesupport_c.cpython-38-x86_64-linux-gnu.so" to ""
[6.559s] -- Installing: /home/sebastian/tello_ros_ws/src/install/tello_msgs/lib/libtello_msgs__python.so
[6.560s] -- Set runtime path of "/home/sebastian/tello_ros_ws/src/install/tello_msgs/lib/libtello_msgs__python.so" to ""
[6.560s] -- Installing: /home/sebastian/tello_ros_ws/src/install/tello_msgs/share/tello_msgs/msg/FlightData.idl
[6.561s] -- Installing: /home/sebastian/tello_ros_ws/src/install/tello_msgs/share/tello_msgs/msg/TelloResponse.idl
[6.562s] -- Installing: /home/sebastian/tello_ros_ws/src/install/tello_msgs/share/tello_msgs/srv/TelloAction.idl
[6.562s] -- Installing: /home/sebastian/tello_ros_ws/src/install/tello_msgs/share/tello_msgs/msg/FlightData.msg
[6.563s] -- Installing: /home/sebastian/tello_ros_ws/src/install/tello_msgs/share/tello_msgs/msg/TelloResponse.msg
[6.563s] -- Installing: /home/sebastian/tello_ros_ws/src/install/tello_msgs/share/tello_msgs/srv/TelloAction.srv
[6.563s] -- Installing: /home/sebastian/tello_ros_ws/src/install/tello_msgs/share/tello_msgs/srv/TelloAction_Request.msg
[6.563s] -- Installing: /home/sebastian/tello_ros_ws/src/install/tello_msgs/share/tello_msgs/srv/TelloAction_Response.msg
[6.563s] -- Installing: /home/sebastian/tello_ros_ws/src/install/tello_msgs/share/ament_index/resource_index/package_run_dependencies/tello_msgs
[6.563s] -- Installing: /home/sebastian/tello_ros_ws/src/install/tello_msgs/share/ament_index/resource_index/parent_prefix_path/tello_msgs
[6.563s] -- Installing: /home/sebastian/tello_ros_ws/src/install/tello_msgs/share/tello_msgs/environment/ament_prefix_path.sh
[6.564s] -- Installing: /home/sebastian/tello_ros_ws/src/install/tello_msgs/share/tello_msgs/environment/ament_prefix_path.dsv
[6.564s] -- Installing: /home/sebastian/tello_ros_ws/src/install/tello_msgs/share/tello_msgs/environment/path.sh
[6.564s] -- Installing: /home/sebastian/tello_ros_ws/src/install/tello_msgs/share/tello_msgs/environment/path.dsv
[6.564s] -- Installing: /home/sebastian/tello_ros_ws/src/install/tello_msgs/share/tello_msgs/local_setup.bash
[6.564s] -- Installing: /home/sebastian/tello_ros_ws/src/install/tello_msgs/share/tello_msgs/local_setup.sh
[6.564s] -- Installing: /home/sebastian/tello_ros_ws/src/install/tello_msgs/share/tello_msgs/local_setup.zsh
[6.564s] -- Installing: /home/sebastian/tello_ros_ws/src/install/tello_msgs/share/tello_msgs/local_setup.dsv
[6.564s] -- Installing: /home/sebastian/tello_ros_ws/src/install/tello_msgs/share/tello_msgs/package.dsv
[6.565s] -- Installing: /home/sebastian/tello_ros_ws/src/install/tello_msgs/share/ament_index/resource_index/packages/tello_msgs
[6.565s] -- Installing: /home/sebastian/tello_ros_ws/src/install/tello_msgs/share/tello_msgs/cmake/tello_msgs__rosidl_generator_cExport.cmake
[6.565s] -- Installing: /home/sebastian/tello_ros_ws/src/install/tello_msgs/share/tello_msgs/cmake/tello_msgs__rosidl_generator_cExport-noconfig.cmake
[6.565s] -- Installing: /home/sebastian/tello_ros_ws/src/install/tello_msgs/share/tello_msgs/cmake/tello_msgs__rosidl_typesupport_introspection_cExport.cmake
[6.565s] -- Installing: /home/sebastian/tello_ros_ws/src/install/tello_msgs/share/tello_msgs/cmake/tello_msgs__rosidl_typesupport_introspection_cExport-noconfig.cmake
[6.565s] -- Installing: /home/sebastian/tello_ros_ws/src/install/tello_msgs/share/tello_msgs/cmake/tello_msgs__rosidl_typesupport_cExport.cmake
[6.566s] -- Installing: /home/sebastian/tello_ros_ws/src/install/tello_msgs/share/tello_msgs/cmake/tello_msgs__rosidl_typesupport_cExport-noconfig.cmake
[6.566s] -- Installing: /home/sebastian/tello_ros_ws/src/install/tello_msgs/share/tello_msgs/cmake/tello_msgs__rosidl_generator_cppExport.cmake
[6.566s] -- Installing: /home/sebastian/tello_ros_ws/src/install/tello_msgs/share/tello_msgs/cmake/tello_msgs__rosidl_typesupport_introspection_cppExport.cmake
[6.566s] -- Installing: /home/sebastian/tello_ros_ws/src/install/tello_msgs/share/tello_msgs/cmake/tello_msgs__rosidl_typesupport_introspection_cppExport-noconfig.cmake
[6.567s] -- Installing: /home/sebastian/tello_ros_ws/src/install/tello_msgs/share/tello_msgs/cmake/tello_msgs__rosidl_typesupport_cppExport.cmake
[6.567s] -- Installing: /home/sebastian/tello_ros_ws/src/install/tello_msgs/share/tello_msgs/cmake/tello_msgs__rosidl_typesupport_cppExport-noconfig.cmake
[6.567s] -- Installing: /home/sebastian/tello_ros_ws/src/install/tello_msgs/share/tello_msgs/cmake/rosidl_cmake-extras.cmake
[6.567s] -- Installing: /home/sebastian/tello_ros_ws/src/install/tello_msgs/share/tello_msgs/cmake/ament_cmake_export_dependencies-extras.cmake
[6.567s] -- Installing: /home/sebastian/tello_ros_ws/src/install/tello_msgs/share/tello_msgs/cmake/ament_cmake_export_libraries-extras.cmake
[6.567s] -- Installing: /home/sebastian/tello_ros_ws/src/install/tello_msgs/share/tello_msgs/cmake/ament_cmake_export_targets-extras.cmake
[6.568s] -- Installing: /home/sebastian/tello_ros_ws/src/install/tello_msgs/share/tello_msgs/cmake/ament_cmake_export_include_directories-extras.cmake
[6.568s] -- Installing: /home/sebastian/tello_ros_ws/src/install/tello_msgs/share/tello_msgs/cmake/rosidl_cmake_export_typesupport_libraries-extras.cmake
[6.568s] -- Installing: /home/sebastian/tello_ros_ws/src/install/tello_msgs/share/tello_msgs/cmake/rosidl_cmake_export_typesupport_targets-extras.cmake
[6.568s] -- Installing: /home/sebastian/tello_ros_ws/src/install/tello_msgs/share/tello_msgs/cmake/tello_msgsConfig.cmake
[6.568s] -- Installing: /home/sebastian/tello_ros_ws/src/install/tello_msgs/share/tello_msgs/cmake/tello_msgsConfig-version.cmake
[6.569s] -- Installing: /home/sebastian/tello_ros_ws/src/install/tello_msgs/share/tello_msgs/package.xml
[6.571s] Invoked command in '/home/sebastian/tello_ros_ws/src/build/tello_msgs' returned '0': CMAKE_PREFIX_PATH=${CMAKE_PREFIX_PATH}:/opt/ros/foxy /usr/bin/cmake --install /home/sebastian/tello_ros_ws/src/build/tello_msgs
