-- The C compiler identification is GNU 9.3.0
-- The CXX compiler identification is GNU 9.3.0
-- Check for working C compiler: /usr/bin/cc
-- Check for working C compiler: /usr/bin/cc -- works
-- Detecting C compiler ABI info
-- Detecting C compiler ABI info - done
-- Detecting C compile features
-- Detecting C compile features - done
-- Check for working CXX compiler: /usr/bin/c++
-- Check for working CXX compiler: /usr/bin/c++ -- works
-- Detecting CXX compiler ABI info
-- Detecting CXX compiler ABI info - done
-- Detecting CXX compile features
-- Detecting CXX compile features - done
-- Found ament_cmake: 0.9.9 (/opt/ros/foxy/share/ament_cmake/cmake)
-- Found PythonInterp: /usr/bin/python3 (found suitable version "3.8.10", minimum required is "3") 
-- Using PYTHON_EXECUTABLE: /usr/bin/python3
-- Found PkgConfig: /usr/bin/pkg-config (found version "0.29.1") 
-- Checking for module 'bullet>=2.82'
--   Found bullet, version 2.88
-- Found ccd: /usr/include (found suitable version "2.0", minimum required is "2.0") 
-- Found fcl: /usr/include (found suitable version "0.5.0", minimum required is "0.3.2") 
-- Found assimp: /usr/include (found version "5.0.0") 
-- Found DART: /usr/include (Required is at least version "6.6") found components: dart 
-- Found Boost: /usr/lib/x86_64-linux-gnu/cmake/Boost-1.71.0/BoostConfig.cmake (found suitable version "1.71.0", minimum required is "1.40.0") found components: thread system filesystem program_options regex iostreams date_time 
-- Found Protobuf: /usr/lib/x86_64-linux-gnu/libprotobuf.so;-lpthread (found version "3.6.1") 
-- Looking for ignition-math6 -- found version 6.8.0
-- Searching for dependencies of ignition-math6
-- Looking for OGRE...
-- OGRE_PREFIX_WATCH changed.
-- Checking for module 'OGRE'
--   Found OGRE, version 1.9.0
-- Found Ogre Ghadamon (1.9.0)
-- Found OGRE: optimized;/usr/lib/x86_64-linux-gnu/libOgreMain.so;debug;/usr/lib/x86_64-linux-gnu/libOgreMain.so
-- Looking for OGRE_Paging...
-- Found OGRE_Paging: optimized;/usr/lib/x86_64-linux-gnu/libOgrePaging.so;debug;/usr/lib/x86_64-linux-gnu/libOgrePaging.so
-- Looking for OGRE_Terrain...
-- Found OGRE_Terrain: optimized;/usr/lib/x86_64-linux-gnu/libOgreTerrain.so;debug;/usr/lib/x86_64-linux-gnu/libOgreTerrain.so
-- Looking for OGRE_Property...
-- Found OGRE_Property: optimized;/usr/lib/x86_64-linux-gnu/libOgreProperty.so;debug;/usr/lib/x86_64-linux-gnu/libOgreProperty.so
-- Looking for OGRE_RTShaderSystem...
-- Found OGRE_RTShaderSystem: optimized;/usr/lib/x86_64-linux-gnu/libOgreRTShaderSystem.so;debug;/usr/lib/x86_64-linux-gnu/libOgreRTShaderSystem.so
-- Looking for OGRE_Volume...
-- Found OGRE_Volume: optimized;/usr/lib/x86_64-linux-gnu/libOgreVolume.so;debug;/usr/lib/x86_64-linux-gnu/libOgreVolume.so
-- Looking for OGRE_Overlay...
-- Found OGRE_Overlay: optimized;/usr/lib/x86_64-linux-gnu/libOgreOverlay.so;debug;/usr/lib/x86_64-linux-gnu/libOgreOverlay.so
-- Looking for ignition-math6 -- found version 6.8.0
-- Looking for ignition-transport8 -- found version 8.2.0
-- Searching for dependencies of ignition-transport8
-- Found Protobuf: /usr/lib/x86_64-linux-gnu/libprotobuf.so;-lpthread (found suitable version "3.6.1", minimum required is "3") 
-- Config-file not installed for ZeroMQ -- checking for pkg-config
-- Checking for module 'libzmq >= 4'
--   Found libzmq , version 4.3.2
-- Found ZeroMQ: TRUE (Required is at least version "4") 
-- Checking for module 'uuid'
--   Found uuid, version 2.34.0
-- Found UUID: TRUE  
-- Looking for ignition-msgs5 -- found version 5.7.0
-- Searching for dependencies of ignition-msgs5
-- Looking for ignition-math6 -- found version 6.8.0
-- Checking for module 'tinyxml2'
--   Found tinyxml2, version 6.2.0
-- Looking for ignition-msgs5 -- found version 5.7.0
-- Looking for ignition-common3 -- found version 3.13.1
-- Searching for dependencies of ignition-common3
-- Looking for dlfcn.h - found
-- Looking for libdl - found
-- Found DL: TRUE  
-- Searching for <ignition-common3> component [graphics]
-- Looking for ignition-common3-graphics -- found version 3.13.1
-- Searching for dependencies of ignition-common3-graphics
-- Looking for ignition-math6 -- found version 6.8.0
-- Looking for ignition-fuel_tools4 -- found version 4.3.0
-- Searching for dependencies of ignition-fuel_tools4
-- Found CURL: /usr/lib/x86_64-linux-gnu/libcurl.so (found version "7.68.0")  
-- Checking for module 'jsoncpp'
--   Found jsoncpp, version 1.7.4
-- Found JSONCPP: TRUE  
-- Checking for module 'libzip'
--   Found libzip, version 1.5.1
-- Found ZIP: TRUE  
-- Looking for ignition-common3 -- found version 3.13.1
-- Looking for ignition-msgs5 -- found version 5.7.0
-- Found gazebo_dev: 3.5.3 (/opt/ros/foxy/share/gazebo_dev/cmake)
-- Gazebo version: 11.5
-- Found gazebo_ros: 3.5.3 (/opt/ros/foxy/share/gazebo_ros/cmake)
-- Using all available rosidl_typesupport_c: rosidl_typesupport_fastrtps_c;rosidl_typesupport_introspection_c
-- Found rosidl_adapter: 1.2.1 (/opt/ros/foxy/share/rosidl_adapter/cmake)
-- Found OpenSSL: /usr/lib/x86_64-linux-gnu/libcrypto.so (found version "1.1.1f")  
-- Found FastRTPS: /opt/ros/foxy/include  
-- Using all available rosidl_typesupport_cpp: rosidl_typesupport_fastrtps_cpp;rosidl_typesupport_introspection_cpp
-- Found rmw_implementation_cmake: 1.0.3 (/opt/ros/foxy/share/rmw_implementation_cmake/cmake)
-- Using RMW implementation 'rmw_fastrtps_cpp' as default
-- Found Threads: TRUE  
-- Found geometry_msgs: 2.0.4 (/opt/ros/foxy/share/geometry_msgs/cmake)
-- Found sensor_msgs: 2.0.4 (/opt/ros/foxy/share/sensor_msgs/cmake)
-- Found tello_msgs: 0.1.0 (/home/sebastian/tello_ros_ws/src/install/tello_msgs/share/tello_msgs/cmake)
-- Configuring done
-- Generating done
-- Build files have been written to: /home/sebastian/tello_ros_ws/src/build/tello_gazebo
[35m[1mScanning dependencies of target TelloPlugin[0m
[ 50%] [32mBuilding CXX object CMakeFiles/TelloPlugin.dir/src/tello_plugin.cpp.o[0m
[100%] [32m[1mLinking CXX shared library libTelloPlugin.so[0m
[100%] Built target TelloPlugin
-- Install configuration: ""
-- Installing: /home/sebastian/tello_ros_ws/src/install/tello_gazebo/lib/libTelloPlugin.so
-- Set runtime path of "/home/sebastian/tello_ros_ws/src/install/tello_gazebo/lib/libTelloPlugin.so" to ""
-- Installing: /home/sebastian/tello_ros_ws/src/install/tello_gazebo/share/tello_gazebo/models
-- Installing: /home/sebastian/tello_ros_ws/src/install/tello_gazebo/share/tello_gazebo/models/marker_5
-- Installing: /home/sebastian/tello_ros_ws/src/install/tello_gazebo/share/tello_gazebo/models/marker_5/model.sdf
-- Installing: /home/sebastian/tello_ros_ws/src/install/tello_gazebo/share/tello_gazebo/models/marker_5/model.config
-- Installing: /home/sebastian/tello_ros_ws/src/install/tello_gazebo/share/tello_gazebo/models/marker_5/materials
-- Installing: /home/sebastian/tello_ros_ws/src/install/tello_gazebo/share/tello_gazebo/models/marker_5/materials/scripts
-- Installing: /home/sebastian/tello_ros_ws/src/install/tello_gazebo/share/tello_gazebo/models/marker_5/materials/scripts/marker_5.material
-- Installing: /home/sebastian/tello_ros_ws/src/install/tello_gazebo/share/tello_gazebo/models/marker_5/materials/textures
-- Installing: /home/sebastian/tello_ros_ws/src/install/tello_gazebo/share/tello_gazebo/models/marker_5/materials/textures/aruco_mark_5.svg
-- Installing: /home/sebastian/tello_ros_ws/src/install/tello_gazebo/share/tello_gazebo/models/marker_5/materials/textures/aruco_mark_5.png
-- Installing: /home/sebastian/tello_ros_ws/src/install/tello_gazebo/share/tello_gazebo/models/marker_4
-- Installing: /home/sebastian/tello_ros_ws/src/install/tello_gazebo/share/tello_gazebo/models/marker_4/model.sdf
-- Installing: /home/sebastian/tello_ros_ws/src/install/tello_gazebo/share/tello_gazebo/models/marker_4/model.config
-- Installing: /home/sebastian/tello_ros_ws/src/install/tello_gazebo/share/tello_gazebo/models/marker_4/materials
-- Installing: /home/sebastian/tello_ros_ws/src/install/tello_gazebo/share/tello_gazebo/models/marker_4/materials/scripts
-- Installing: /home/sebastian/tello_ros_ws/src/install/tello_gazebo/share/tello_gazebo/models/marker_4/materials/scripts/marker_4.material
-- Installing: /home/sebastian/tello_ros_ws/src/install/tello_gazebo/share/tello_gazebo/models/marker_4/materials/textures
-- Installing: /home/sebastian/tello_ros_ws/src/install/tello_gazebo/share/tello_gazebo/models/marker_4/materials/textures/aruco_mark_4.svg
-- Installing: /home/sebastian/tello_ros_ws/src/install/tello_gazebo/share/tello_gazebo/models/marker_4/materials/textures/aruco_mark_4.png
-- Installing: /home/sebastian/tello_ros_ws/src/install/tello_gazebo/share/tello_gazebo/models/marker_0
-- Installing: /home/sebastian/tello_ros_ws/src/install/tello_gazebo/share/tello_gazebo/models/marker_0/model.sdf
-- Installing: /home/sebastian/tello_ros_ws/src/install/tello_gazebo/share/tello_gazebo/models/marker_0/model.config
-- Installing: /home/sebastian/tello_ros_ws/src/install/tello_gazebo/share/tello_gazebo/models/marker_0/materials
-- Installing: /home/sebastian/tello_ros_ws/src/install/tello_gazebo/share/tello_gazebo/models/marker_0/materials/scripts
-- Installing: /home/sebastian/tello_ros_ws/src/install/tello_gazebo/share/tello_gazebo/models/marker_0/materials/scripts/marker_0.material
-- Installing: /home/sebastian/tello_ros_ws/src/install/tello_gazebo/share/tello_gazebo/models/marker_0/materials/textures
-- Installing: /home/sebastian/tello_ros_ws/src/install/tello_gazebo/share/tello_gazebo/models/marker_0/materials/textures/aruco_mark_0.svg
-- Installing: /home/sebastian/tello_ros_ws/src/install/tello_gazebo/share/tello_gazebo/models/marker_0/materials/textures/aruco_mark_0.png
-- Installing: /home/sebastian/tello_ros_ws/src/install/tello_gazebo/share/tello_gazebo/models/marker_3
-- Installing: /home/sebastian/tello_ros_ws/src/install/tello_gazebo/share/tello_gazebo/models/marker_3/model.sdf
-- Installing: /home/sebastian/tello_ros_ws/src/install/tello_gazebo/share/tello_gazebo/models/marker_3/model.config
-- Installing: /home/sebastian/tello_ros_ws/src/install/tello_gazebo/share/tello_gazebo/models/marker_3/materials
-- Installing: /home/sebastian/tello_ros_ws/src/install/tello_gazebo/share/tello_gazebo/models/marker_3/materials/scripts
-- Installing: /home/sebastian/tello_ros_ws/src/install/tello_gazebo/share/tello_gazebo/models/marker_3/materials/scripts/marker_3.material
-- Installing: /home/sebastian/tello_ros_ws/src/install/tello_gazebo/share/tello_gazebo/models/marker_3/materials/textures
-- Installing: /home/sebastian/tello_ros_ws/src/install/tello_gazebo/share/tello_gazebo/models/marker_3/materials/textures/aruco_mark_3.png
-- Installing: /home/sebastian/tello_ros_ws/src/install/tello_gazebo/share/tello_gazebo/models/marker_3/materials/textures/aruco_mark_3.svg
-- Installing: /home/sebastian/tello_ros_ws/src/install/tello_gazebo/share/tello_gazebo/models/marker_2
-- Installing: /home/sebastian/tello_ros_ws/src/install/tello_gazebo/share/tello_gazebo/models/marker_2/model.sdf
-- Installing: /home/sebastian/tello_ros_ws/src/install/tello_gazebo/share/tello_gazebo/models/marker_2/model.config
-- Installing: /home/sebastian/tello_ros_ws/src/install/tello_gazebo/share/tello_gazebo/models/marker_2/materials
-- Installing: /home/sebastian/tello_ros_ws/src/install/tello_gazebo/share/tello_gazebo/models/marker_2/materials/scripts
-- Installing: /home/sebastian/tello_ros_ws/src/install/tello_gazebo/share/tello_gazebo/models/marker_2/materials/scripts/marker_2.material
-- Installing: /home/sebastian/tello_ros_ws/src/install/tello_gazebo/share/tello_gazebo/models/marker_2/materials/textures
-- Installing: /home/sebastian/tello_ros_ws/src/install/tello_gazebo/share/tello_gazebo/models/marker_2/materials/textures/aruco_mark_2.png
-- Installing: /home/sebastian/tello_ros_ws/src/install/tello_gazebo/share/tello_gazebo/models/marker_2/materials/textures/aruco_mark_2.svg
-- Installing: /home/sebastian/tello_ros_ws/src/install/tello_gazebo/share/tello_gazebo/models/marker_6
-- Installing: /home/sebastian/tello_ros_ws/src/install/tello_gazebo/share/tello_gazebo/models/marker_6/model.sdf
-- Installing: /home/sebastian/tello_ros_ws/src/install/tello_gazebo/share/tello_gazebo/models/marker_6/model.config
-- Installing: /home/sebastian/tello_ros_ws/src/install/tello_gazebo/share/tello_gazebo/models/marker_6/materials
-- Installing: /home/sebastian/tello_ros_ws/src/install/tello_gazebo/share/tello_gazebo/models/marker_6/materials/scripts
-- Installing: /home/sebastian/tello_ros_ws/src/install/tello_gazebo/share/tello_gazebo/models/marker_6/materials/scripts/marker_6.material
-- Installing: /home/sebastian/tello_ros_ws/src/install/tello_gazebo/share/tello_gazebo/models/marker_6/materials/textures
-- Installing: /home/sebastian/tello_ros_ws/src/install/tello_gazebo/share/tello_gazebo/models/marker_6/materials/textures/aruco_mark_6.png
-- Installing: /home/sebastian/tello_ros_ws/src/install/tello_gazebo/share/tello_gazebo/models/marker_6/materials/textures/aruco_mark_6.svg
-- Installing: /home/sebastian/tello_ros_ws/src/install/tello_gazebo/share/tello_gazebo/models/marker_1
-- Installing: /home/sebastian/tello_ros_ws/src/install/tello_gazebo/share/tello_gazebo/models/marker_1/model.sdf
-- Installing: /home/sebastian/tello_ros_ws/src/install/tello_gazebo/share/tello_gazebo/models/marker_1/model.config
-- Installing: /home/sebastian/tello_ros_ws/src/install/tello_gazebo/share/tello_gazebo/models/marker_1/materials
-- Installing: /home/sebastian/tello_ros_ws/src/install/tello_gazebo/share/tello_gazebo/models/marker_1/materials/scripts
-- Installing: /home/sebastian/tello_ros_ws/src/install/tello_gazebo/share/tello_gazebo/models/marker_1/materials/scripts/marker_1.material
-- Installing: /home/sebastian/tello_ros_ws/src/install/tello_gazebo/share/tello_gazebo/models/marker_1/materials/textures
-- Installing: /home/sebastian/tello_ros_ws/src/install/tello_gazebo/share/tello_gazebo/models/marker_1/materials/textures/aruco_mark_1.svg
-- Installing: /home/sebastian/tello_ros_ws/src/install/tello_gazebo/share/tello_gazebo/models/marker_1/materials/textures/aruco_mark_1.png
-- Installing: /home/sebastian/tello_ros_ws/src/install/tello_gazebo/share/tello_gazebo/models/marker_7
-- Installing: /home/sebastian/tello_ros_ws/src/install/tello_gazebo/share/tello_gazebo/models/marker_7/model.sdf
-- Installing: /home/sebastian/tello_ros_ws/src/install/tello_gazebo/share/tello_gazebo/models/marker_7/model.config
-- Installing: /home/sebastian/tello_ros_ws/src/install/tello_gazebo/share/tello_gazebo/models/marker_7/materials
-- Installing: /home/sebastian/tello_ros_ws/src/install/tello_gazebo/share/tello_gazebo/models/marker_7/materials/scripts
-- Installing: /home/sebastian/tello_ros_ws/src/install/tello_gazebo/share/tello_gazebo/models/marker_7/materials/scripts/marker_7.material
-- Installing: /home/sebastian/tello_ros_ws/src/install/tello_gazebo/share/tello_gazebo/models/marker_7/materials/textures
-- Installing: /home/sebastian/tello_ros_ws/src/install/tello_gazebo/share/tello_gazebo/models/marker_7/materials/textures/aruco_mark_7.svg
-- Installing: /home/sebastian/tello_ros_ws/src/install/tello_gazebo/share/tello_gazebo/models/marker_7/materials/textures/aruco_mark_7.png
-- Installing: /home/sebastian/tello_ros_ws/src/install/tello_gazebo/share/tello_gazebo/worlds
-- Installing: /home/sebastian/tello_ros_ws/src/install/tello_gazebo/share/tello_gazebo/worlds/f2.world
-- Installing: /home/sebastian/tello_ros_ws/src/install/tello_gazebo/share/tello_gazebo/worlds/build_world.py
-- Installing: /home/sebastian/tello_ros_ws/src/install/tello_gazebo/share/tello_gazebo/worlds/fiducial_map.yaml
-- Installing: /home/sebastian/tello_ros_ws/src/install/tello_gazebo/share/tello_gazebo/worlds/.fiducial_map.yaml.swp
-- Installing: /home/sebastian/tello_ros_ws/src/install/tello_gazebo/share/tello_gazebo/worlds/fiducial.world
-- Installing: /home/sebastian/tello_ros_ws/src/install/tello_gazebo/share/tello_gazebo/worlds/f2_map.yaml
-- Installing: /home/sebastian/tello_ros_ws/src/install/tello_gazebo/share/tello_gazebo/worlds/simple.world
-- Installing: /home/sebastian/tello_ros_ws/src/install/tello_gazebo/share/tello_gazebo/launch
-- Installing: /home/sebastian/tello_ros_ws/src/install/tello_gazebo/share/tello_gazebo/launch/vlam_launch.py
-- Installing: /home/sebastian/tello_ros_ws/src/install/tello_gazebo/share/tello_gazebo/launch/simple_launch.py
-- Installing: /home/sebastian/tello_ros_ws/src/install/tello_gazebo/share/tello_gazebo/launch/.vlam_launch.py.swp
-- Installing: /home/sebastian/tello_ros_ws/src/install/tello_gazebo/share/tello_gazebo/launch/__pycache__
-- Installing: /home/sebastian/tello_ros_ws/src/install/tello_gazebo/share/tello_gazebo/launch/__pycache__/vlam_launch.cpython-38.pyc
-- Installing: /home/sebastian/tello_ros_ws/src/install/tello_gazebo/lib/tello_gazebo/inject_entity.py
-- Installing: /home/sebastian/tello_ros_ws/src/install/tello_gazebo/share/ament_index/resource_index/package_run_dependencies/tello_gazebo
-- Installing: /home/sebastian/tello_ros_ws/src/install/tello_gazebo/share/ament_index/resource_index/parent_prefix_path/tello_gazebo
-- Installing: /home/sebastian/tello_ros_ws/src/install/tello_gazebo/share/tello_gazebo/environment/ament_prefix_path.sh
-- Installing: /home/sebastian/tello_ros_ws/src/install/tello_gazebo/share/tello_gazebo/environment/ament_prefix_path.dsv
-- Installing: /home/sebastian/tello_ros_ws/src/install/tello_gazebo/share/tello_gazebo/environment/path.sh
-- Installing: /home/sebastian/tello_ros_ws/src/install/tello_gazebo/share/tello_gazebo/environment/path.dsv
-- Installing: /home/sebastian/tello_ros_ws/src/install/tello_gazebo/share/tello_gazebo/local_setup.bash
-- Installing: /home/sebastian/tello_ros_ws/src/install/tello_gazebo/share/tello_gazebo/local_setup.sh
-- Installing: /home/sebastian/tello_ros_ws/src/install/tello_gazebo/share/tello_gazebo/local_setup.zsh
-- Installing: /home/sebastian/tello_ros_ws/src/install/tello_gazebo/share/tello_gazebo/local_setup.dsv
-- Installing: /home/sebastian/tello_ros_ws/src/install/tello_gazebo/share/tello_gazebo/package.dsv
-- Installing: /home/sebastian/tello_ros_ws/src/install/tello_gazebo/share/ament_index/resource_index/packages/tello_gazebo
-- Installing: /home/sebastian/tello_ros_ws/src/install/tello_gazebo/share/tello_gazebo/cmake/tello_gazeboConfig.cmake
-- Installing: /home/sebastian/tello_ros_ws/src/install/tello_gazebo/share/tello_gazebo/cmake/tello_gazeboConfig-version.cmake
-- Installing: /home/sebastian/tello_ros_ws/src/install/tello_gazebo/share/tello_gazebo/package.xml
