[0.027s] Invoking command in '/home/sebastian/tello_ros_ws/src/build/tello_description': CMAKE_PREFIX_PATH=${CMAKE_PREFIX_PATH}:/opt/ros/foxy /usr/bin/cmake /home/sebastian/tello_ros_ws/src/tello_ros/tello_description -DCMAKE_INSTALL_PREFIX=/home/sebastian/tello_ros_ws/src/install/tello_description
[0.080s] -- The C compiler identification is GNU 9.3.0
[0.133s] -- The CXX compiler identification is GNU 9.3.0
[0.137s] -- Check for working C compiler: /usr/bin/cc
[0.206s] -- Check for working C compiler: /usr/bin/cc -- works
[0.206s] -- Detecting C compiler ABI info
[0.279s] -- Detecting C compiler ABI info - done
[0.289s] -- Detecting C compile features
[0.289s] -- Detecting C compile features - done
[0.292s] -- Check for working CXX compiler: /usr/bin/c++
[0.372s] -- Check for working CXX compiler: /usr/bin/c++ -- works
[0.373s] -- Detecting CXX compiler ABI info
[0.454s] -- Detecting CXX compiler ABI info - done
[0.464s] -- Detecting CXX compile features
[0.465s] -- Detecting CXX compile features - done
[0.466s] -- Found ament_cmake: 0.9.9 (/opt/ros/foxy/share/ament_cmake/cmake)
[0.494s] -- Found PythonInterp: /usr/bin/python3 (found suitable version "3.8.10", minimum required is "3") 
[0.494s] -- Using PYTHON_EXECUTABLE: /usr/bin/python3
[0.701s] -- creating rules for /home/sebastian/tello_ros_ws/src/build/tello_description/urdf/tello.urdf
[0.701s] -- creating rules for /home/sebastian/tello_ros_ws/src/build/tello_description/urdf/tello_1.urdf
[0.701s] -- creating rules for /home/sebastian/tello_ros_ws/src/build/tello_description/urdf/tello_2.urdf
[0.701s] -- creating rules for /home/sebastian/tello_ros_ws/src/build/tello_description/urdf/tello_3.urdf
[0.702s] -- creating rules for /home/sebastian/tello_ros_ws/src/build/tello_description/urdf/tello_4.urdf
[0.702s] -- creating rules for /home/sebastian/tello_ros_ws/src/build/tello_description/urdf/tello_5.urdf
[0.702s] -- creating rules for /home/sebastian/tello_ros_ws/src/build/tello_description/urdf/tello_6.urdf
[0.702s] -- creating rules for /home/sebastian/tello_ros_ws/src/build/tello_description/urdf/tello_7.urdf
[0.702s] -- creating rules for /home/sebastian/tello_ros_ws/src/build/tello_description/urdf/tello_8.urdf
[0.759s] -- Configuring done
[0.764s] -- Generating done
[0.765s] -- Build files have been written to: /home/sebastian/tello_ros_ws/src/build/tello_description
[0.768s] Invoked command in '/home/sebastian/tello_ros_ws/src/build/tello_description' returned '0': CMAKE_PREFIX_PATH=${CMAKE_PREFIX_PATH}:/opt/ros/foxy /usr/bin/cmake /home/sebastian/tello_ros_ws/src/tello_ros/tello_description -DCMAKE_INSTALL_PREFIX=/home/sebastian/tello_ros_ws/src/install/tello_description
[0.771s] Invoking command in '/home/sebastian/tello_ros_ws/src/build/tello_description': CMAKE_PREFIX_PATH=${CMAKE_PREFIX_PATH}:/opt/ros/foxy /usr/bin/cmake --build /home/sebastian/tello_ros_ws/src/build/tello_description -- -j16 -l16
[0.813s] [35m[1mScanning dependencies of target generate_urdf_6[0m
[0.814s] [35m[1mScanning dependencies of target generate_urdf_8[0m
[0.814s] [35m[1mScanning dependencies of target generate_urdf[0m
[0.815s] [35m[1mScanning dependencies of target generate_urdf_3[0m
[0.815s] [35m[1mScanning dependencies of target generate_urdf_4[0m
[0.815s] [35m[1mScanning dependencies of target generate_urdf_1[0m
[0.815s] [35m[1mScanning dependencies of target generate_urdf_5[0m
[0.817s] [35m[1mScanning dependencies of target generate_urdf_7[0m
[0.820s] [35m[1mScanning dependencies of target generate_urdf_2[0m
[0.826s] [ 11%] [34m[1mGenerate /home/sebastian/tello_ros_ws/src/build/tello_description/urdf/tello_8.urdf[0m
[0.826s] [ 22%] [34m[1mGenerate /home/sebastian/tello_ros_ws/src/build/tello_description/urdf/tello_6.urdf[0m
[0.829s] [ 33%] [34m[1mGenerate /home/sebastian/tello_ros_ws/src/build/tello_description/urdf/tello.urdf[0m
[0.830s] [ 44%] [34m[1mGenerate /home/sebastian/tello_ros_ws/src/build/tello_description/urdf/tello_5.urdf[0m
[0.830s] [ 55%] [34m[1mGenerate /home/sebastian/tello_ros_ws/src/build/tello_description/urdf/tello_4.urdf[0m
[0.831s] [ 77%] [34m[1mGenerate /home/sebastian/tello_ros_ws/src/build/tello_description/urdf/tello_3.urdf[0m
[0.832s] [ 77%] [34m[1mGenerate /home/sebastian/tello_ros_ws/src/build/tello_description/urdf/tello_1.urdf[0m
[0.832s] [ 88%] [34m[1mGenerate /home/sebastian/tello_ros_ws/src/build/tello_description/urdf/tello_7.urdf[0m
[0.839s] [100%] [34m[1mGenerate /home/sebastian/tello_ros_ws/src/build/tello_description/urdf/tello_2.urdf[0m
[0.878s] [100%] Built target generate_urdf_3
[0.879s] [100%] Built target generate_urdf_8
[0.882s] [100%] Built target generate_urdf_5
[0.882s] [100%] Built target generate_urdf_1
[0.882s] [100%] Built target generate_urdf_6
[0.884s] [100%] Built target generate_urdf_7
[0.886s] [100%] Built target generate_urdf_4
[0.888s] [100%] Built target generate_urdf
[0.895s] [100%] Built target generate_urdf_2
[0.906s] Invoked command in '/home/sebastian/tello_ros_ws/src/build/tello_description' returned '0': CMAKE_PREFIX_PATH=${CMAKE_PREFIX_PATH}:/opt/ros/foxy /usr/bin/cmake --build /home/sebastian/tello_ros_ws/src/build/tello_description -- -j16 -l16
[0.935s] Invoking command in '/home/sebastian/tello_ros_ws/src/build/tello_description': CMAKE_PREFIX_PATH=${CMAKE_PREFIX_PATH}:/opt/ros/foxy /usr/bin/cmake --install /home/sebastian/tello_ros_ws/src/build/tello_description
[0.943s] -- Install configuration: ""
[0.943s] -- Installing: /home/sebastian/tello_ros_ws/src/install/tello_description/share/tello_description/urdf
[0.943s] -- Installing: /home/sebastian/tello_ros_ws/src/install/tello_description/share/tello_description/urdf/tello_4.urdf
[0.943s] -- Installing: /home/sebastian/tello_ros_ws/src/install/tello_description/share/tello_description/urdf/tello_1.urdf
[0.943s] -- Installing: /home/sebastian/tello_ros_ws/src/install/tello_description/share/tello_description/urdf/tello_5.urdf
[0.943s] -- Installing: /home/sebastian/tello_ros_ws/src/install/tello_description/share/tello_description/urdf/tello_7.urdf
[0.944s] -- Installing: /home/sebastian/tello_ros_ws/src/install/tello_description/share/tello_description/urdf/tello_6.urdf
[0.944s] -- Installing: /home/sebastian/tello_ros_ws/src/install/tello_description/share/tello_description/urdf/tello.urdf
[0.944s] -- Installing: /home/sebastian/tello_ros_ws/src/install/tello_description/share/tello_description/urdf/tello_8.urdf
[0.944s] -- Installing: /home/sebastian/tello_ros_ws/src/install/tello_description/share/tello_description/urdf/tello_3.urdf
[0.944s] -- Installing: /home/sebastian/tello_ros_ws/src/install/tello_description/share/tello_description/urdf/tello_2.urdf
[0.944s] -- Installing: /home/sebastian/tello_ros_ws/src/install/tello_description/share/ament_index/resource_index/package_run_dependencies/tello_description
[0.944s] -- Installing: /home/sebastian/tello_ros_ws/src/install/tello_description/share/ament_index/resource_index/parent_prefix_path/tello_description
[0.945s] -- Installing: /home/sebastian/tello_ros_ws/src/install/tello_description/share/tello_description/environment/ament_prefix_path.sh
[0.945s] -- Installing: /home/sebastian/tello_ros_ws/src/install/tello_description/share/tello_description/environment/ament_prefix_path.dsv
[0.945s] -- Installing: /home/sebastian/tello_ros_ws/src/install/tello_description/share/tello_description/environment/path.sh
[0.945s] -- Installing: /home/sebastian/tello_ros_ws/src/install/tello_description/share/tello_description/environment/path.dsv
[0.945s] -- Installing: /home/sebastian/tello_ros_ws/src/install/tello_description/share/tello_description/local_setup.bash
[0.945s] -- Installing: /home/sebastian/tello_ros_ws/src/install/tello_description/share/tello_description/local_setup.sh
[0.945s] -- Installing: /home/sebastian/tello_ros_ws/src/install/tello_description/share/tello_description/local_setup.zsh
[0.945s] -- Installing: /home/sebastian/tello_ros_ws/src/install/tello_description/share/tello_description/local_setup.dsv
[0.945s] -- Installing: /home/sebastian/tello_ros_ws/src/install/tello_description/share/tello_description/package.dsv
[0.946s] -- Installing: /home/sebastian/tello_ros_ws/src/install/tello_description/share/ament_index/resource_index/packages/tello_description
[0.946s] -- Installing: /home/sebastian/tello_ros_ws/src/install/tello_description/share/tello_description/cmake/tello_descriptionConfig.cmake
[0.946s] -- Installing: /home/sebastian/tello_ros_ws/src/install/tello_description/share/tello_description/cmake/tello_descriptionConfig-version.cmake
[0.946s] -- Installing: /home/sebastian/tello_ros_ws/src/install/tello_description/share/tello_description/package.xml
[0.949s] Invoked command in '/home/sebastian/tello_ros_ws/src/build/tello_description' returned '0': CMAKE_PREFIX_PATH=${CMAKE_PREFIX_PATH}:/opt/ros/foxy /usr/bin/cmake --install /home/sebastian/tello_ros_ws/src/build/tello_description
