[0.024s] Invoking command in '/home/sebastian/tello_ros_ws/src/build/fiducial_vlam_msgs': CMAKE_PREFIX_PATH=${CMAKE_PREFIX_PATH}:/opt/ros/foxy /usr/bin/cmake /home/sebastian/tello_ros_ws/src/fiducial_vlam/fiducial_vlam_msgs -DCMAKE_INSTALL_PREFIX=/home/sebastian/tello_ros_ws/src/install/fiducial_vlam_msgs
[0.082s] -- The C compiler identification is GNU 9.3.0
[0.133s] -- The CXX compiler identification is GNU 9.3.0
[0.137s] -- Check for working C compiler: /usr/bin/cc
[0.207s] -- Check for working C compiler: /usr/bin/cc -- works
[0.208s] -- Detecting C compiler ABI info
[0.280s] -- Detecting C compiler ABI info - done
[0.288s] -- Detecting C compile features
[0.288s] -- Detecting C compile features - done
[0.290s] -- Check for working CXX compiler: /usr/bin/c++
[0.366s] -- Check for working CXX compiler: /usr/bin/c++ -- works
[0.367s] -- Detecting CXX compiler ABI info
[0.447s] -- Detecting CXX compiler ABI info - done
[0.458s] -- Detecting CXX compile features
[0.459s] -- Detecting CXX compile features - done
[0.460s] -- Found ament_cmake: 0.9.9 (/opt/ros/foxy/share/ament_cmake/cmake)
[0.485s] -- Found PythonInterp: /usr/bin/python3 (found suitable version "3.8.10", minimum required is "3") 
[0.485s] -- Using PYTHON_EXECUTABLE: /usr/bin/python3
[0.691s] -- Found rosidl_default_generators: 1.0.1 (/opt/ros/foxy/share/rosidl_default_generators/cmake)
[0.694s] -- Using all available rosidl_typesupport_c: rosidl_typesupport_fastrtps_c;rosidl_typesupport_introspection_c
[0.700s] -- Found rosidl_adapter: 1.2.1 (/opt/ros/foxy/share/rosidl_adapter/cmake)
[0.812s] -- Found OpenSSL: /usr/lib/x86_64-linux-gnu/libcrypto.so (found version "1.1.1f")  
[0.862s] -- Found FastRTPS: /opt/ros/foxy/include  
[0.948s] -- Using all available rosidl_typesupport_cpp: rosidl_typesupport_fastrtps_cpp;rosidl_typesupport_introspection_cpp
[0.971s] -- Found geometry_msgs: 2.0.4 (/opt/ros/foxy/share/geometry_msgs/cmake)
[1.030s] -- Found sensor_msgs: 2.0.4 (/opt/ros/foxy/share/sensor_msgs/cmake)
[1.105s] -- Found PythonInterp: /usr/bin/python3 (found version "3.8.10") 
[1.289s] -- Found ament_cmake_ros: 0.9.2 (/opt/ros/foxy/share/ament_cmake_ros/cmake)
[1.516s] -- Using all available rosidl_typesupport_c: rosidl_typesupport_fastrtps_c;rosidl_typesupport_introspection_c
[1.633s] -- Using all available rosidl_typesupport_cpp: rosidl_typesupport_fastrtps_cpp;rosidl_typesupport_introspection_cpp
[1.658s] -- Found PythonInterp: /usr/bin/python3 (found suitable version "3.8.10", minimum required is "3.5") 
[1.660s] -- Found python_cmake_module: 0.8.1 (/opt/ros/foxy/share/python_cmake_module/cmake)
[1.687s] -- Found PythonLibs: /usr/lib/x86_64-linux-gnu/libpython3.8.so (found suitable version "3.8.10", minimum required is "3.5") 
[1.688s] -- Using PYTHON_EXECUTABLE: /usr/bin/python3
[1.688s] -- Using PYTHON_INCLUDE_DIRS: /usr/include/python3.8
[1.688s] -- Using PYTHON_LIBRARIES: /usr/lib/x86_64-linux-gnu/libpython3.8.so
[1.707s] -- Found PythonExtra: .so  
[1.792s] -- Configuring done
[1.839s] -- Generating done
[1.842s] -- Build files have been written to: /home/sebastian/tello_ros_ws/src/build/fiducial_vlam_msgs
[1.852s] Invoked command in '/home/sebastian/tello_ros_ws/src/build/fiducial_vlam_msgs' returned '0': CMAKE_PREFIX_PATH=${CMAKE_PREFIX_PATH}:/opt/ros/foxy /usr/bin/cmake /home/sebastian/tello_ros_ws/src/fiducial_vlam/fiducial_vlam_msgs -DCMAKE_INSTALL_PREFIX=/home/sebastian/tello_ros_ws/src/install/fiducial_vlam_msgs
[1.855s] Invoking command in '/home/sebastian/tello_ros_ws/src/build/fiducial_vlam_msgs': CMAKE_PREFIX_PATH=${CMAKE_PREFIX_PATH}:/opt/ros/foxy /usr/bin/cmake --build /home/sebastian/tello_ros_ws/src/build/fiducial_vlam_msgs -- -j16 -l16
[1.893s] [  2%] [34m[1mGenerating C code for ROS interfaces[0m
[1.893s] [35m[1mScanning dependencies of target fiducial_vlam_msgs__cpp[0m
[1.905s] [  4%] [34m[1mGenerating C++ code for ROS interfaces[0m
[2.318s] [  4%] Built target fiducial_vlam_msgs__cpp
[2.333s] [  6%] [34m[1mGenerating C++ type support dispatch for ROS interfaces[0m
[2.338s] [ 10%] [34m[1mGenerating C++ introspection for ROS interfaces[0m
[2.338s] [ 10%] [34m[1mGenerating C++ type support for eProsima Fast-RTPS[0m
[2.346s] [35m[1mScanning dependencies of target fiducial_vlam_msgs__rosidl_generator_c[0m
[2.366s] [ 12%] [32mBuilding C object CMakeFiles/fiducial_vlam_msgs__rosidl_generator_c.dir/rosidl_generator_c/fiducial_vlam_msgs/msg/detail/map__functions.c.o[0m
[2.366s] [ 14%] [32mBuilding C object CMakeFiles/fiducial_vlam_msgs__rosidl_generator_c.dir/rosidl_generator_c/fiducial_vlam_msgs/msg/detail/observation__functions.c.o[0m
[2.367s] [ 17%] [32mBuilding C object CMakeFiles/fiducial_vlam_msgs__rosidl_generator_c.dir/rosidl_generator_c/fiducial_vlam_msgs/msg/detail/observations__functions.c.o[0m
[2.428s] [ 19%] [32m[1mLinking C shared library libfiducial_vlam_msgs__rosidl_generator_c.so[0m
[2.486s] [ 19%] Built target fiducial_vlam_msgs__rosidl_generator_c
[2.503s] [ 23%] [34m[1mGenerating C type support dispatch for ROS interfaces[0m
[2.503s] [ 23%] [34m[1mGenerating C introspection for ROS interfaces[0m
[2.750s] [35m[1mScanning dependencies of target fiducial_vlam_msgs__rosidl_typesupport_cpp[0m
[2.770s] [ 27%] [32mBuilding CXX object CMakeFiles/fiducial_vlam_msgs__rosidl_typesupport_cpp.dir/rosidl_typesupport_cpp/fiducial_vlam_msgs/msg/map__type_support.cpp.o[0m
[2.770s] [ 27%] [32mBuilding CXX object CMakeFiles/fiducial_vlam_msgs__rosidl_typesupport_cpp.dir/rosidl_typesupport_cpp/fiducial_vlam_msgs/msg/observation__type_support.cpp.o[0m
[2.771s] [ 29%] [32mBuilding CXX object CMakeFiles/fiducial_vlam_msgs__rosidl_typesupport_cpp.dir/rosidl_typesupport_cpp/fiducial_vlam_msgs/msg/observations__type_support.cpp.o[0m
[2.822s] [35m[1mScanning dependencies of target fiducial_vlam_msgs__rosidl_typesupport_introspection_cpp[0m
[2.847s] [ 34%] [32mBuilding CXX object CMakeFiles/fiducial_vlam_msgs__rosidl_typesupport_introspection_cpp.dir/rosidl_typesupport_introspection_cpp/fiducial_vlam_msgs/msg/detail/observations__type_support.cpp.o[0m
[2.847s] [ 34%] [32mBuilding CXX object CMakeFiles/fiducial_vlam_msgs__rosidl_typesupport_introspection_cpp.dir/rosidl_typesupport_introspection_cpp/fiducial_vlam_msgs/msg/detail/observation__type_support.cpp.o[0m
[2.847s] [ 36%] [32mBuilding CXX object CMakeFiles/fiducial_vlam_msgs__rosidl_typesupport_introspection_cpp.dir/rosidl_typesupport_introspection_cpp/fiducial_vlam_msgs/msg/detail/map__type_support.cpp.o[0m
[3.047s] [35m[1mScanning dependencies of target fiducial_vlam_msgs__rosidl_typesupport_c[0m
[3.136s] [ 38%] [32mBuilding CXX object CMakeFiles/fiducial_vlam_msgs__rosidl_typesupport_c.dir/rosidl_typesupport_c/fiducial_vlam_msgs/msg/map__type_support.cpp.o[0m
[3.148s] [ 40%] [32mBuilding CXX object CMakeFiles/fiducial_vlam_msgs__rosidl_typesupport_c.dir/rosidl_typesupport_c/fiducial_vlam_msgs/msg/observation__type_support.cpp.o[0m
[3.164s] [ 42%] [32mBuilding CXX object CMakeFiles/fiducial_vlam_msgs__rosidl_typesupport_c.dir/rosidl_typesupport_c/fiducial_vlam_msgs/msg/observations__type_support.cpp.o[0m
[3.233s] [35m[1mScanning dependencies of target fiducial_vlam_msgs__rosidl_typesupport_fastrtps_cpp[0m
[3.268s] [35m[1mScanning dependencies of target fiducial_vlam_msgs__rosidl_typesupport_introspection_c[0m
[3.275s] [ 44%] [32mBuilding CXX object CMakeFiles/fiducial_vlam_msgs__rosidl_typesupport_fastrtps_cpp.dir/rosidl_typesupport_fastrtps_cpp/fiducial_vlam_msgs/msg/detail/dds_fastrtps/map__type_support.cpp.o[0m
[3.290s] [ 46%] [32m[1mLinking CXX shared library libfiducial_vlam_msgs__rosidl_typesupport_cpp.so[0m
[3.292s] [ 48%] [32mBuilding CXX object CMakeFiles/fiducial_vlam_msgs__rosidl_typesupport_fastrtps_cpp.dir/rosidl_typesupport_fastrtps_cpp/fiducial_vlam_msgs/msg/detail/dds_fastrtps/observations__type_support.cpp.o[0m
[3.294s] [ 51%] [32mBuilding CXX object CMakeFiles/fiducial_vlam_msgs__rosidl_typesupport_fastrtps_cpp.dir/rosidl_typesupport_fastrtps_cpp/fiducial_vlam_msgs/msg/detail/dds_fastrtps/observation__type_support.cpp.o[0m
[3.296s] [ 53%] [32m[1mLinking CXX shared library libfiducial_vlam_msgs__rosidl_typesupport_c.so[0m
[3.298s] [ 55%] [32mBuilding C object CMakeFiles/fiducial_vlam_msgs__rosidl_typesupport_introspection_c.dir/rosidl_typesupport_introspection_c/fiducial_vlam_msgs/msg/detail/map__type_support.c.o[0m
[3.329s] [ 57%] [32mBuilding C object CMakeFiles/fiducial_vlam_msgs__rosidl_typesupport_introspection_c.dir/rosidl_typesupport_introspection_c/fiducial_vlam_msgs/msg/detail/observation__type_support.c.o[0m
[3.343s] [ 59%] [32mBuilding C object CMakeFiles/fiducial_vlam_msgs__rosidl_typesupport_introspection_c.dir/rosidl_typesupport_introspection_c/fiducial_vlam_msgs/msg/detail/observations__type_support.c.o[0m
[3.407s] [ 59%] Built target fiducial_vlam_msgs__rosidl_typesupport_cpp
[3.417s] [ 59%] Built target fiducial_vlam_msgs__rosidl_typesupport_c
[3.433s] [ 61%] [32m[1mLinking C shared library libfiducial_vlam_msgs__rosidl_typesupport_introspection_c.so[0m
[3.503s] [ 61%] Built target fiducial_vlam_msgs__rosidl_typesupport_introspection_c
[3.551s] [ 63%] [32m[1mLinking CXX shared library libfiducial_vlam_msgs__rosidl_typesupport_introspection_cpp.so[0m
[3.653s] [ 63%] Built target fiducial_vlam_msgs__rosidl_typesupport_introspection_cpp
[4.048s] [ 65%] [32m[1mLinking CXX shared library libfiducial_vlam_msgs__rosidl_typesupport_fastrtps_cpp.so[0m
[4.133s] [ 65%] Built target fiducial_vlam_msgs__rosidl_typesupport_fastrtps_cpp
[4.143s] [ 68%] [34m[1mGenerating C type support for eProsima Fast-RTPS[0m
[4.450s] [35m[1mScanning dependencies of target fiducial_vlam_msgs__rosidl_typesupport_fastrtps_c[0m
[4.467s] [ 74%] [32mBuilding CXX object CMakeFiles/fiducial_vlam_msgs__rosidl_typesupport_fastrtps_c.dir/rosidl_typesupport_fastrtps_c/fiducial_vlam_msgs/msg/detail/observations__type_support_c.cpp.o[0m
[4.467s] [ 74%] [32mBuilding CXX object CMakeFiles/fiducial_vlam_msgs__rosidl_typesupport_fastrtps_c.dir/rosidl_typesupport_fastrtps_c/fiducial_vlam_msgs/msg/detail/observation__type_support_c.cpp.o[0m
[4.468s] [ 74%] [32mBuilding CXX object CMakeFiles/fiducial_vlam_msgs__rosidl_typesupport_fastrtps_c.dir/rosidl_typesupport_fastrtps_c/fiducial_vlam_msgs/msg/detail/map__type_support_c.cpp.o[0m
[4.870s] [ 76%] [32m[1mLinking CXX shared library libfiducial_vlam_msgs__rosidl_typesupport_fastrtps_c.so[0m
[4.962s] [ 76%] Built target fiducial_vlam_msgs__rosidl_typesupport_fastrtps_c
[4.976s] [35m[1mScanning dependencies of target fiducial_vlam_msgs[0m
[4.994s] [ 76%] Built target fiducial_vlam_msgs
[5.008s] [35m[1mScanning dependencies of target fiducial_vlam_msgs__py[0m
[5.020s] [ 78%] [34m[1mGenerating Python code for ROS interfaces[0m
[5.626s] [ 78%] Built target fiducial_vlam_msgs__py
[5.636s] [35m[1mScanning dependencies of target fiducial_vlam_msgs__python[0m
[5.655s] [ 82%] [32mBuilding C object CMakeFiles/fiducial_vlam_msgs__python.dir/rosidl_generator_py/fiducial_vlam_msgs/msg/_observation_s.c.o[0m
[5.656s] [ 82%] [32mBuilding C object CMakeFiles/fiducial_vlam_msgs__python.dir/rosidl_generator_py/fiducial_vlam_msgs/msg/_map_s.c.o[0m
[5.657s] [ 85%] [32mBuilding C object CMakeFiles/fiducial_vlam_msgs__python.dir/rosidl_generator_py/fiducial_vlam_msgs/msg/_observations_s.c.o[0m
[5.746s] [ 87%] [32m[1mLinking C shared library rosidl_generator_py/fiducial_vlam_msgs/libfiducial_vlam_msgs__python.so[0m
[5.792s] [ 87%] Built target fiducial_vlam_msgs__python
[5.803s] [35m[1mScanning dependencies of target fiducial_vlam_msgs__rosidl_typesupport_c__pyext[0m
[5.803s] [35m[1mScanning dependencies of target fiducial_vlam_msgs__rosidl_typesupport_introspection_c__pyext[0m
[5.803s] [35m[1mScanning dependencies of target fiducial_vlam_msgs__rosidl_typesupport_fastrtps_c__pyext[0m
[5.820s] [ 91%] [32mBuilding C object CMakeFiles/fiducial_vlam_msgs__rosidl_typesupport_introspection_c__pyext.dir/rosidl_generator_py/fiducial_vlam_msgs/_fiducial_vlam_msgs_s.ep.rosidl_typesupport_introspection_c.c.o[0m
[5.820s] [ 91%] [32mBuilding C object CMakeFiles/fiducial_vlam_msgs__rosidl_typesupport_c__pyext.dir/rosidl_generator_py/fiducial_vlam_msgs/_fiducial_vlam_msgs_s.ep.rosidl_typesupport_c.c.o[0m
[5.820s] [ 93%] [32mBuilding C object CMakeFiles/fiducial_vlam_msgs__rosidl_typesupport_fastrtps_c__pyext.dir/rosidl_generator_py/fiducial_vlam_msgs/_fiducial_vlam_msgs_s.ep.rosidl_typesupport_fastrtps_c.c.o[0m
[5.898s] [ 95%] [32m[1mLinking C shared library rosidl_generator_py/fiducial_vlam_msgs/fiducial_vlam_msgs_s__rosidl_typesupport_c.cpython-38-x86_64-linux-gnu.so[0m
[5.898s] [ 97%] [32m[1mLinking C shared library rosidl_generator_py/fiducial_vlam_msgs/fiducial_vlam_msgs_s__rosidl_typesupport_introspection_c.cpython-38-x86_64-linux-gnu.so[0m
[5.899s] [100%] [32m[1mLinking CXX shared library rosidl_generator_py/fiducial_vlam_msgs/fiducial_vlam_msgs_s__rosidl_typesupport_fastrtps_c.cpython-38-x86_64-linux-gnu.so[0m
[5.939s] [100%] Built target fiducial_vlam_msgs__rosidl_typesupport_c__pyext
[5.940s] [100%] Built target fiducial_vlam_msgs__rosidl_typesupport_introspection_c__pyext
[5.974s] [100%] Built target fiducial_vlam_msgs__rosidl_typesupport_fastrtps_c__pyext
[5.986s] Invoked command in '/home/sebastian/tello_ros_ws/src/build/fiducial_vlam_msgs' returned '0': CMAKE_PREFIX_PATH=${CMAKE_PREFIX_PATH}:/opt/ros/foxy /usr/bin/cmake --build /home/sebastian/tello_ros_ws/src/build/fiducial_vlam_msgs -- -j16 -l16
[6.086s] Invoking command in '/home/sebastian/tello_ros_ws/src/build/fiducial_vlam_msgs': CMAKE_PREFIX_PATH=${CMAKE_PREFIX_PATH}:/opt/ros/foxy /usr/bin/cmake --install /home/sebastian/tello_ros_ws/src/build/fiducial_vlam_msgs
[6.096s] -- Install configuration: ""
[6.096s] -- Installing: /home/sebastian/tello_ros_ws/src/install/fiducial_vlam_msgs/share/ament_index/resource_index/rosidl_interfaces/fiducial_vlam_msgs
[6.096s] -- Installing: /home/sebastian/tello_ros_ws/src/install/fiducial_vlam_msgs/include/fiducial_vlam_msgs
[6.096s] -- Installing: /home/sebastian/tello_ros_ws/src/install/fiducial_vlam_msgs/include/fiducial_vlam_msgs/msg
[6.096s] -- Installing: /home/sebastian/tello_ros_ws/src/install/fiducial_vlam_msgs/include/fiducial_vlam_msgs/msg/map.h
[6.097s] -- Installing: /home/sebastian/tello_ros_ws/src/install/fiducial_vlam_msgs/include/fiducial_vlam_msgs/msg/detail
[6.097s] -- Installing: /home/sebastian/tello_ros_ws/src/install/fiducial_vlam_msgs/include/fiducial_vlam_msgs/msg/detail/observation__struct.h
[6.097s] -- Installing: /home/sebastian/tello_ros_ws/src/install/fiducial_vlam_msgs/include/fiducial_vlam_msgs/msg/detail/map__struct.h
[6.097s] -- Installing: /home/sebastian/tello_ros_ws/src/install/fiducial_vlam_msgs/include/fiducial_vlam_msgs/msg/detail/observations__type_support.h
[6.097s] -- Installing: /home/sebastian/tello_ros_ws/src/install/fiducial_vlam_msgs/include/fiducial_vlam_msgs/msg/detail/observations__struct.h
[6.097s] -- Installing: /home/sebastian/tello_ros_ws/src/install/fiducial_vlam_msgs/include/fiducial_vlam_msgs/msg/detail/observation__type_support.h
[6.098s] -- Installing: /home/sebastian/tello_ros_ws/src/install/fiducial_vlam_msgs/include/fiducial_vlam_msgs/msg/detail/observation__functions.h
[6.098s] -- Installing: /home/sebastian/tello_ros_ws/src/install/fiducial_vlam_msgs/include/fiducial_vlam_msgs/msg/detail/observations__functions.c
[6.098s] -- Installing: /home/sebastian/tello_ros_ws/src/install/fiducial_vlam_msgs/include/fiducial_vlam_msgs/msg/detail/map__functions.h
[6.098s] -- Installing: /home/sebastian/tello_ros_ws/src/install/fiducial_vlam_msgs/include/fiducial_vlam_msgs/msg/detail/observations__functions.h
[6.098s] -- Installing: /home/sebastian/tello_ros_ws/src/install/fiducial_vlam_msgs/include/fiducial_vlam_msgs/msg/detail/observation__functions.c
[6.098s] -- Installing: /home/sebastian/tello_ros_ws/src/install/fiducial_vlam_msgs/include/fiducial_vlam_msgs/msg/detail/map__type_support.h
[6.098s] -- Installing: /home/sebastian/tello_ros_ws/src/install/fiducial_vlam_msgs/include/fiducial_vlam_msgs/msg/detail/map__functions.c
[6.098s] -- Installing: /home/sebastian/tello_ros_ws/src/install/fiducial_vlam_msgs/include/fiducial_vlam_msgs/msg/observations.h
[6.098s] -- Installing: /home/sebastian/tello_ros_ws/src/install/fiducial_vlam_msgs/include/fiducial_vlam_msgs/msg/observation.h
[6.098s] -- Installing: /home/sebastian/tello_ros_ws/src/install/fiducial_vlam_msgs/include/fiducial_vlam_msgs/msg/rosidl_generator_c__visibility_control.h
[6.099s] -- Installing: /home/sebastian/tello_ros_ws/src/install/fiducial_vlam_msgs/share/fiducial_vlam_msgs/environment/library_path.sh
[6.099s] -- Installing: /home/sebastian/tello_ros_ws/src/install/fiducial_vlam_msgs/share/fiducial_vlam_msgs/environment/library_path.dsv
[6.099s] -- Installing: /home/sebastian/tello_ros_ws/src/install/fiducial_vlam_msgs/lib/libfiducial_vlam_msgs__rosidl_generator_c.so
[6.099s] -- Set runtime path of "/home/sebastian/tello_ros_ws/src/install/fiducial_vlam_msgs/lib/libfiducial_vlam_msgs__rosidl_generator_c.so" to ""
[6.099s] -- Up-to-date: /home/sebastian/tello_ros_ws/src/install/fiducial_vlam_msgs/include/fiducial_vlam_msgs
[6.099s] -- Up-to-date: /home/sebastian/tello_ros_ws/src/install/fiducial_vlam_msgs/include/fiducial_vlam_msgs/msg
[6.099s] -- Up-to-date: /home/sebastian/tello_ros_ws/src/install/fiducial_vlam_msgs/include/fiducial_vlam_msgs/msg/detail
[6.099s] -- Installing: /home/sebastian/tello_ros_ws/src/install/fiducial_vlam_msgs/include/fiducial_vlam_msgs/msg/detail/observation__rosidl_typesupport_fastrtps_c.h
[6.099s] -- Installing: /home/sebastian/tello_ros_ws/src/install/fiducial_vlam_msgs/include/fiducial_vlam_msgs/msg/detail/observations__rosidl_typesupport_fastrtps_c.h
[6.099s] -- Installing: /home/sebastian/tello_ros_ws/src/install/fiducial_vlam_msgs/include/fiducial_vlam_msgs/msg/detail/map__rosidl_typesupport_fastrtps_c.h
[6.099s] -- Installing: /home/sebastian/tello_ros_ws/src/install/fiducial_vlam_msgs/include/fiducial_vlam_msgs/msg/rosidl_typesupport_fastrtps_c__visibility_control.h
[6.099s] -- Installing: /home/sebastian/tello_ros_ws/src/install/fiducial_vlam_msgs/lib/libfiducial_vlam_msgs__rosidl_typesupport_fastrtps_c.so
[6.099s] -- Set runtime path of "/home/sebastian/tello_ros_ws/src/install/fiducial_vlam_msgs/lib/libfiducial_vlam_msgs__rosidl_typesupport_fastrtps_c.so" to ""
[6.100s] -- Up-to-date: /home/sebastian/tello_ros_ws/src/install/fiducial_vlam_msgs/include/fiducial_vlam_msgs
[6.100s] -- Up-to-date: /home/sebastian/tello_ros_ws/src/install/fiducial_vlam_msgs/include/fiducial_vlam_msgs/msg
[6.100s] -- Up-to-date: /home/sebastian/tello_ros_ws/src/install/fiducial_vlam_msgs/include/fiducial_vlam_msgs/msg/detail
[6.100s] -- Installing: /home/sebastian/tello_ros_ws/src/install/fiducial_vlam_msgs/include/fiducial_vlam_msgs/msg/detail/dds_fastrtps
[6.100s] -- Installing: /home/sebastian/tello_ros_ws/src/install/fiducial_vlam_msgs/include/fiducial_vlam_msgs/msg/detail/observation__rosidl_typesupport_fastrtps_cpp.hpp
[6.100s] -- Installing: /home/sebastian/tello_ros_ws/src/install/fiducial_vlam_msgs/include/fiducial_vlam_msgs/msg/detail/observations__rosidl_typesupport_fastrtps_cpp.hpp
[6.100s] -- Installing: /home/sebastian/tello_ros_ws/src/install/fiducial_vlam_msgs/include/fiducial_vlam_msgs/msg/detail/map__rosidl_typesupport_fastrtps_cpp.hpp
[6.100s] -- Installing: /home/sebastian/tello_ros_ws/src/install/fiducial_vlam_msgs/include/fiducial_vlam_msgs/msg/rosidl_typesupport_fastrtps_cpp__visibility_control.h
[6.100s] -- Installing: /home/sebastian/tello_ros_ws/src/install/fiducial_vlam_msgs/lib/libfiducial_vlam_msgs__rosidl_typesupport_fastrtps_cpp.so
[6.100s] -- Set runtime path of "/home/sebastian/tello_ros_ws/src/install/fiducial_vlam_msgs/lib/libfiducial_vlam_msgs__rosidl_typesupport_fastrtps_cpp.so" to ""
[6.100s] -- Up-to-date: /home/sebastian/tello_ros_ws/src/install/fiducial_vlam_msgs/include/fiducial_vlam_msgs
[6.100s] -- Up-to-date: /home/sebastian/tello_ros_ws/src/install/fiducial_vlam_msgs/include/fiducial_vlam_msgs/msg
[6.100s] -- Up-to-date: /home/sebastian/tello_ros_ws/src/install/fiducial_vlam_msgs/include/fiducial_vlam_msgs/msg/detail
[6.100s] -- Installing: /home/sebastian/tello_ros_ws/src/install/fiducial_vlam_msgs/include/fiducial_vlam_msgs/msg/detail/map__type_support.c
[6.101s] -- Installing: /home/sebastian/tello_ros_ws/src/install/fiducial_vlam_msgs/include/fiducial_vlam_msgs/msg/detail/observation__rosidl_typesupport_introspection_c.h
[6.101s] -- Installing: /home/sebastian/tello_ros_ws/src/install/fiducial_vlam_msgs/include/fiducial_vlam_msgs/msg/detail/map__rosidl_typesupport_introspection_c.h
[6.101s] -- Installing: /home/sebastian/tello_ros_ws/src/install/fiducial_vlam_msgs/include/fiducial_vlam_msgs/msg/detail/observations__type_support.c
[6.101s] -- Installing: /home/sebastian/tello_ros_ws/src/install/fiducial_vlam_msgs/include/fiducial_vlam_msgs/msg/detail/observation__type_support.c
[6.101s] -- Installing: /home/sebastian/tello_ros_ws/src/install/fiducial_vlam_msgs/include/fiducial_vlam_msgs/msg/detail/observations__rosidl_typesupport_introspection_c.h
[6.101s] -- Installing: /home/sebastian/tello_ros_ws/src/install/fiducial_vlam_msgs/include/fiducial_vlam_msgs/msg/rosidl_typesupport_introspection_c__visibility_control.h
[6.101s] -- Installing: /home/sebastian/tello_ros_ws/src/install/fiducial_vlam_msgs/lib/libfiducial_vlam_msgs__rosidl_typesupport_introspection_c.so
[6.101s] -- Set runtime path of "/home/sebastian/tello_ros_ws/src/install/fiducial_vlam_msgs/lib/libfiducial_vlam_msgs__rosidl_typesupport_introspection_c.so" to ""
[6.101s] -- Installing: /home/sebastian/tello_ros_ws/src/install/fiducial_vlam_msgs/lib/libfiducial_vlam_msgs__rosidl_typesupport_c.so
[6.101s] -- Set runtime path of "/home/sebastian/tello_ros_ws/src/install/fiducial_vlam_msgs/lib/libfiducial_vlam_msgs__rosidl_typesupport_c.so" to ""
[6.102s] -- Up-to-date: /home/sebastian/tello_ros_ws/src/install/fiducial_vlam_msgs/include/fiducial_vlam_msgs
[6.102s] -- Up-to-date: /home/sebastian/tello_ros_ws/src/install/fiducial_vlam_msgs/include/fiducial_vlam_msgs/msg
[6.102s] -- Up-to-date: /home/sebastian/tello_ros_ws/src/install/fiducial_vlam_msgs/include/fiducial_vlam_msgs/msg/detail
[6.102s] -- Installing: /home/sebastian/tello_ros_ws/src/install/fiducial_vlam_msgs/include/fiducial_vlam_msgs/msg/detail/observation__builder.hpp
[6.102s] -- Installing: /home/sebastian/tello_ros_ws/src/install/fiducial_vlam_msgs/include/fiducial_vlam_msgs/msg/detail/map__struct.hpp
[6.102s] -- Installing: /home/sebastian/tello_ros_ws/src/install/fiducial_vlam_msgs/include/fiducial_vlam_msgs/msg/detail/observation__struct.hpp
[6.102s] -- Installing: /home/sebastian/tello_ros_ws/src/install/fiducial_vlam_msgs/include/fiducial_vlam_msgs/msg/detail/observations__struct.hpp
[6.102s] -- Installing: /home/sebastian/tello_ros_ws/src/install/fiducial_vlam_msgs/include/fiducial_vlam_msgs/msg/detail/observation__traits.hpp
[6.102s] -- Installing: /home/sebastian/tello_ros_ws/src/install/fiducial_vlam_msgs/include/fiducial_vlam_msgs/msg/detail/map__traits.hpp
[6.102s] -- Installing: /home/sebastian/tello_ros_ws/src/install/fiducial_vlam_msgs/include/fiducial_vlam_msgs/msg/detail/map__builder.hpp
[6.102s] -- Installing: /home/sebastian/tello_ros_ws/src/install/fiducial_vlam_msgs/include/fiducial_vlam_msgs/msg/detail/observations__builder.hpp
[6.102s] -- Installing: /home/sebastian/tello_ros_ws/src/install/fiducial_vlam_msgs/include/fiducial_vlam_msgs/msg/detail/observations__traits.hpp
[6.102s] -- Installing: /home/sebastian/tello_ros_ws/src/install/fiducial_vlam_msgs/include/fiducial_vlam_msgs/msg/observations.hpp
[6.102s] -- Installing: /home/sebastian/tello_ros_ws/src/install/fiducial_vlam_msgs/include/fiducial_vlam_msgs/msg/observation.hpp
[6.103s] -- Installing: /home/sebastian/tello_ros_ws/src/install/fiducial_vlam_msgs/include/fiducial_vlam_msgs/msg/map.hpp
[6.103s] -- Up-to-date: /home/sebastian/tello_ros_ws/src/install/fiducial_vlam_msgs/include/fiducial_vlam_msgs
[6.103s] -- Up-to-date: /home/sebastian/tello_ros_ws/src/install/fiducial_vlam_msgs/include/fiducial_vlam_msgs/msg
[6.103s] -- Up-to-date: /home/sebastian/tello_ros_ws/src/install/fiducial_vlam_msgs/include/fiducial_vlam_msgs/msg/detail
[6.103s] -- Installing: /home/sebastian/tello_ros_ws/src/install/fiducial_vlam_msgs/include/fiducial_vlam_msgs/msg/detail/observation__rosidl_typesupport_introspection_cpp.hpp
[6.103s] -- Installing: /home/sebastian/tello_ros_ws/src/install/fiducial_vlam_msgs/include/fiducial_vlam_msgs/msg/detail/observations__type_support.cpp
[6.103s] -- Installing: /home/sebastian/tello_ros_ws/src/install/fiducial_vlam_msgs/include/fiducial_vlam_msgs/msg/detail/observation__type_support.cpp
[6.103s] -- Installing: /home/sebastian/tello_ros_ws/src/install/fiducial_vlam_msgs/include/fiducial_vlam_msgs/msg/detail/observations__rosidl_typesupport_introspection_cpp.hpp
[6.103s] -- Installing: /home/sebastian/tello_ros_ws/src/install/fiducial_vlam_msgs/include/fiducial_vlam_msgs/msg/detail/map__type_support.cpp
[6.103s] -- Installing: /home/sebastian/tello_ros_ws/src/install/fiducial_vlam_msgs/include/fiducial_vlam_msgs/msg/detail/map__rosidl_typesupport_introspection_cpp.hpp
[6.103s] -- Installing: /home/sebastian/tello_ros_ws/src/install/fiducial_vlam_msgs/lib/libfiducial_vlam_msgs__rosidl_typesupport_introspection_cpp.so
[6.103s] -- Set runtime path of "/home/sebastian/tello_ros_ws/src/install/fiducial_vlam_msgs/lib/libfiducial_vlam_msgs__rosidl_typesupport_introspection_cpp.so" to ""
[6.103s] -- Installing: /home/sebastian/tello_ros_ws/src/install/fiducial_vlam_msgs/lib/libfiducial_vlam_msgs__rosidl_typesupport_cpp.so
[6.103s] -- Set runtime path of "/home/sebastian/tello_ros_ws/src/install/fiducial_vlam_msgs/lib/libfiducial_vlam_msgs__rosidl_typesupport_cpp.so" to ""
[6.103s] -- Installing: /home/sebastian/tello_ros_ws/src/install/fiducial_vlam_msgs/share/fiducial_vlam_msgs/environment/pythonpath.sh
[6.103s] -- Installing: /home/sebastian/tello_ros_ws/src/install/fiducial_vlam_msgs/share/fiducial_vlam_msgs/environment/pythonpath.dsv
[6.104s] -- Installing: /home/sebastian/tello_ros_ws/src/install/fiducial_vlam_msgs/lib/python3.8/site-packages/fiducial_vlam_msgs/__init__.py
[6.131s] Compiling '/home/sebastian/tello_ros_ws/src/install/fiducial_vlam_msgs/lib/python3.8/site-packages/fiducial_vlam_msgs/__init__.py'...
[6.138s] -- Installing: /home/sebastian/tello_ros_ws/src/install/fiducial_vlam_msgs/lib/python3.8/site-packages/fiducial_vlam_msgs/msg
[6.138s] -- Installing: /home/sebastian/tello_ros_ws/src/install/fiducial_vlam_msgs/lib/python3.8/site-packages/fiducial_vlam_msgs/msg/__init__.py
[6.138s] -- Installing: /home/sebastian/tello_ros_ws/src/install/fiducial_vlam_msgs/lib/python3.8/site-packages/fiducial_vlam_msgs/msg/_observation.py
[6.138s] -- Installing: /home/sebastian/tello_ros_ws/src/install/fiducial_vlam_msgs/lib/python3.8/site-packages/fiducial_vlam_msgs/msg/_map.py
[6.138s] -- Installing: /home/sebastian/tello_ros_ws/src/install/fiducial_vlam_msgs/lib/python3.8/site-packages/fiducial_vlam_msgs/msg/_observation_s.c
[6.138s] -- Installing: /home/sebastian/tello_ros_ws/src/install/fiducial_vlam_msgs/lib/python3.8/site-packages/fiducial_vlam_msgs/msg/_observations.py
[6.138s] -- Installing: /home/sebastian/tello_ros_ws/src/install/fiducial_vlam_msgs/lib/python3.8/site-packages/fiducial_vlam_msgs/msg/_observations_s.c
[6.139s] -- Installing: /home/sebastian/tello_ros_ws/src/install/fiducial_vlam_msgs/lib/python3.8/site-packages/fiducial_vlam_msgs/msg/_map_s.c
[6.139s] -- Installing: /home/sebastian/tello_ros_ws/src/install/fiducial_vlam_msgs/lib/python3.8/site-packages/fiducial_vlam_msgs/fiducial_vlam_msgs_s__rosidl_typesupport_fastrtps_c.cpython-38-x86_64-linux-gnu.so
[6.140s] -- Set runtime path of "/home/sebastian/tello_ros_ws/src/install/fiducial_vlam_msgs/lib/python3.8/site-packages/fiducial_vlam_msgs/fiducial_vlam_msgs_s__rosidl_typesupport_fastrtps_c.cpython-38-x86_64-linux-gnu.so" to ""
[6.140s] -- Installing: /home/sebastian/tello_ros_ws/src/install/fiducial_vlam_msgs/lib/python3.8/site-packages/fiducial_vlam_msgs/fiducial_vlam_msgs_s__rosidl_typesupport_introspection_c.cpython-38-x86_64-linux-gnu.so
[6.140s] -- Set runtime path of "/home/sebastian/tello_ros_ws/src/install/fiducial_vlam_msgs/lib/python3.8/site-packages/fiducial_vlam_msgs/fiducial_vlam_msgs_s__rosidl_typesupport_introspection_c.cpython-38-x86_64-linux-gnu.so" to ""
[6.141s] -- Installing: /home/sebastian/tello_ros_ws/src/install/fiducial_vlam_msgs/lib/python3.8/site-packages/fiducial_vlam_msgs/fiducial_vlam_msgs_s__rosidl_typesupport_c.cpython-38-x86_64-linux-gnu.so
[6.141s] -- Set runtime path of "/home/sebastian/tello_ros_ws/src/install/fiducial_vlam_msgs/lib/python3.8/site-packages/fiducial_vlam_msgs/fiducial_vlam_msgs_s__rosidl_typesupport_c.cpython-38-x86_64-linux-gnu.so" to ""
[6.142s] -- Installing: /home/sebastian/tello_ros_ws/src/install/fiducial_vlam_msgs/lib/libfiducial_vlam_msgs__python.so
[6.142s] -- Set runtime path of "/home/sebastian/tello_ros_ws/src/install/fiducial_vlam_msgs/lib/libfiducial_vlam_msgs__python.so" to ""
[6.143s] -- Installing: /home/sebastian/tello_ros_ws/src/install/fiducial_vlam_msgs/share/fiducial_vlam_msgs/msg/Map.idl
[6.144s] -- Installing: /home/sebastian/tello_ros_ws/src/install/fiducial_vlam_msgs/share/fiducial_vlam_msgs/msg/Observation.idl
[6.144s] -- Installing: /home/sebastian/tello_ros_ws/src/install/fiducial_vlam_msgs/share/fiducial_vlam_msgs/msg/Observations.idl
[6.144s] -- Installing: /home/sebastian/tello_ros_ws/src/install/fiducial_vlam_msgs/share/fiducial_vlam_msgs/msg/Map.msg
[6.145s] -- Installing: /home/sebastian/tello_ros_ws/src/install/fiducial_vlam_msgs/share/fiducial_vlam_msgs/msg/Observation.msg
[6.145s] -- Installing: /home/sebastian/tello_ros_ws/src/install/fiducial_vlam_msgs/share/fiducial_vlam_msgs/msg/Observations.msg
[6.146s] -- Installing: /home/sebastian/tello_ros_ws/src/install/fiducial_vlam_msgs/share/ament_index/resource_index/package_run_dependencies/fiducial_vlam_msgs
[6.146s] -- Installing: /home/sebastian/tello_ros_ws/src/install/fiducial_vlam_msgs/share/ament_index/resource_index/parent_prefix_path/fiducial_vlam_msgs
[6.146s] -- Installing: /home/sebastian/tello_ros_ws/src/install/fiducial_vlam_msgs/share/fiducial_vlam_msgs/environment/ament_prefix_path.sh
[6.146s] -- Installing: /home/sebastian/tello_ros_ws/src/install/fiducial_vlam_msgs/share/fiducial_vlam_msgs/environment/ament_prefix_path.dsv
[6.146s] -- Installing: /home/sebastian/tello_ros_ws/src/install/fiducial_vlam_msgs/share/fiducial_vlam_msgs/environment/path.sh
[6.147s] -- Installing: /home/sebastian/tello_ros_ws/src/install/fiducial_vlam_msgs/share/fiducial_vlam_msgs/environment/path.dsv
[6.147s] -- Installing: /home/sebastian/tello_ros_ws/src/install/fiducial_vlam_msgs/share/fiducial_vlam_msgs/local_setup.bash
[6.147s] -- Installing: /home/sebastian/tello_ros_ws/src/install/fiducial_vlam_msgs/share/fiducial_vlam_msgs/local_setup.sh
[6.147s] -- Installing: /home/sebastian/tello_ros_ws/src/install/fiducial_vlam_msgs/share/fiducial_vlam_msgs/local_setup.zsh
[6.147s] -- Installing: /home/sebastian/tello_ros_ws/src/install/fiducial_vlam_msgs/share/fiducial_vlam_msgs/local_setup.dsv
[6.147s] -- Installing: /home/sebastian/tello_ros_ws/src/install/fiducial_vlam_msgs/share/fiducial_vlam_msgs/package.dsv
[6.147s] -- Installing: /home/sebastian/tello_ros_ws/src/install/fiducial_vlam_msgs/share/ament_index/resource_index/packages/fiducial_vlam_msgs
[6.147s] -- Installing: /home/sebastian/tello_ros_ws/src/install/fiducial_vlam_msgs/share/fiducial_vlam_msgs/cmake/fiducial_vlam_msgs__rosidl_generator_cExport.cmake
[6.147s] -- Installing: /home/sebastian/tello_ros_ws/src/install/fiducial_vlam_msgs/share/fiducial_vlam_msgs/cmake/fiducial_vlam_msgs__rosidl_generator_cExport-noconfig.cmake
[6.147s] -- Installing: /home/sebastian/tello_ros_ws/src/install/fiducial_vlam_msgs/share/fiducial_vlam_msgs/cmake/fiducial_vlam_msgs__rosidl_typesupport_introspection_cExport.cmake
[6.147s] -- Installing: /home/sebastian/tello_ros_ws/src/install/fiducial_vlam_msgs/share/fiducial_vlam_msgs/cmake/fiducial_vlam_msgs__rosidl_typesupport_introspection_cExport-noconfig.cmake
[6.148s] -- Installing: /home/sebastian/tello_ros_ws/src/install/fiducial_vlam_msgs/share/fiducial_vlam_msgs/cmake/fiducial_vlam_msgs__rosidl_typesupport_cExport.cmake
[6.148s] -- Installing: /home/sebastian/tello_ros_ws/src/install/fiducial_vlam_msgs/share/fiducial_vlam_msgs/cmake/fiducial_vlam_msgs__rosidl_typesupport_cExport-noconfig.cmake
[6.148s] -- Installing: /home/sebastian/tello_ros_ws/src/install/fiducial_vlam_msgs/share/fiducial_vlam_msgs/cmake/fiducial_vlam_msgs__rosidl_generator_cppExport.cmake
[6.148s] -- Installing: /home/sebastian/tello_ros_ws/src/install/fiducial_vlam_msgs/share/fiducial_vlam_msgs/cmake/fiducial_vlam_msgs__rosidl_typesupport_introspection_cppExport.cmake
[6.148s] -- Installing: /home/sebastian/tello_ros_ws/src/install/fiducial_vlam_msgs/share/fiducial_vlam_msgs/cmake/fiducial_vlam_msgs__rosidl_typesupport_introspection_cppExport-noconfig.cmake
[6.148s] -- Installing: /home/sebastian/tello_ros_ws/src/install/fiducial_vlam_msgs/share/fiducial_vlam_msgs/cmake/fiducial_vlam_msgs__rosidl_typesupport_cppExport.cmake
[6.148s] -- Installing: /home/sebastian/tello_ros_ws/src/install/fiducial_vlam_msgs/share/fiducial_vlam_msgs/cmake/fiducial_vlam_msgs__rosidl_typesupport_cppExport-noconfig.cmake
[6.148s] -- Installing: /home/sebastian/tello_ros_ws/src/install/fiducial_vlam_msgs/share/fiducial_vlam_msgs/cmake/rosidl_cmake-extras.cmake
[6.148s] -- Installing: /home/sebastian/tello_ros_ws/src/install/fiducial_vlam_msgs/share/fiducial_vlam_msgs/cmake/ament_cmake_export_dependencies-extras.cmake
[6.149s] -- Installing: /home/sebastian/tello_ros_ws/src/install/fiducial_vlam_msgs/share/fiducial_vlam_msgs/cmake/ament_cmake_export_libraries-extras.cmake
[6.149s] -- Installing: /home/sebastian/tello_ros_ws/src/install/fiducial_vlam_msgs/share/fiducial_vlam_msgs/cmake/ament_cmake_export_targets-extras.cmake
[6.149s] -- Installing: /home/sebastian/tello_ros_ws/src/install/fiducial_vlam_msgs/share/fiducial_vlam_msgs/cmake/ament_cmake_export_include_directories-extras.cmake
[6.149s] -- Installing: /home/sebastian/tello_ros_ws/src/install/fiducial_vlam_msgs/share/fiducial_vlam_msgs/cmake/rosidl_cmake_export_typesupport_libraries-extras.cmake
[6.150s] -- Installing: /home/sebastian/tello_ros_ws/src/install/fiducial_vlam_msgs/share/fiducial_vlam_msgs/cmake/rosidl_cmake_export_typesupport_targets-extras.cmake
[6.150s] -- Installing: /home/sebastian/tello_ros_ws/src/install/fiducial_vlam_msgs/share/fiducial_vlam_msgs/cmake/fiducial_vlam_msgsConfig.cmake
[6.150s] -- Installing: /home/sebastian/tello_ros_ws/src/install/fiducial_vlam_msgs/share/fiducial_vlam_msgs/cmake/fiducial_vlam_msgsConfig-version.cmake
[6.150s] -- Installing: /home/sebastian/tello_ros_ws/src/install/fiducial_vlam_msgs/share/fiducial_vlam_msgs/package.xml
[6.152s] Invoked command in '/home/sebastian/tello_ros_ws/src/build/fiducial_vlam_msgs' returned '0': CMAKE_PREFIX_PATH=${CMAKE_PREFIX_PATH}:/opt/ros/foxy /usr/bin/cmake --install /home/sebastian/tello_ros_ws/src/build/fiducial_vlam_msgs
