[0.012s] Invoking command in '/home/sebastian/tello_ros_ws/src/build/fiducial_vlam': AMENT_PREFIX_PATH=/home/sebastian/tello_ros_ws/src/install/ros2_shared:/home/sebastian/tello_ros_ws/src/install/fiducial_vlam_msgs:${AMENT_PREFIX_PATH} CMAKE_PREFIX_PATH=/home/sebastian/tello_ros_ws/src/install/ros2_shared:/home/sebastian/tello_ros_ws/src/install/fiducial_vlam_msgs:/home/sebastian/tello_ros_ws/install/fiducial_vlam:/home/sebastian/tello_ros_ws/install/fiducial_vlam_msgs:/home/sebastian/tello_ros_ws/install/tello_gazebo:/home/sebastian/tello_ros_ws/install/tello_driver:/home/sebastian/tello_ros_ws/install/tello_msgs:/home/sebastian/tello_ros_ws/install/tello_description:/home/sebastian/tello_ros_ws/install/ros2_shared:/opt/ros/foxy LD_LIBRARY_PATH=/home/sebastian/tello_ros_ws/src/install/fiducial_vlam_msgs/lib:${LD_LIBRARY_PATH} PYTHONPATH=/home/sebastian/tello_ros_ws/src/install/fiducial_vlam_msgs/lib/python3.8/site-packages:${PYTHONPATH} /usr/bin/cmake /home/sebastian/tello_ros_ws/src/fiducial_vlam/fiducial_vlam -DCMAKE_INSTALL_PREFIX=/home/sebastian/tello_ros_ws/src/install/fiducial_vlam
[0.066s] -- The C compiler identification is GNU 9.3.0
[0.128s] -- The CXX compiler identification is GNU 9.3.0
[0.139s] -- Check for working C compiler: /usr/bin/cc
[0.211s] -- Check for working C compiler: /usr/bin/cc -- works
[0.212s] -- Detecting C compiler ABI info
[0.294s] -- Detecting C compiler ABI info - done
[0.313s] -- Detecting C compile features
[0.313s] -- Detecting C compile features - done
[0.315s] -- Check for working CXX compiler: /usr/bin/c++
[0.413s] -- Check for working CXX compiler: /usr/bin/c++ -- works
[0.416s] -- Detecting CXX compiler ABI info
[0.500s] -- Detecting CXX compiler ABI info - done
[0.511s] -- Detecting CXX compile features
[0.512s] -- Detecting CXX compile features - done
[0.524s] -- Found OpenCV version 4.2.0
[0.527s] -- Found ament_cmake: 0.9.9 (/opt/ros/foxy/share/ament_cmake/cmake)
[0.559s] -- Found PythonInterp: /usr/bin/python3 (found suitable version "3.8.10", minimum required is "3") 
[0.559s] -- Using PYTHON_EXECUTABLE: /usr/bin/python3
[0.812s] -- Found class_loader: 2.0.2 (/opt/ros/foxy/share/class_loader/cmake)
[0.833s] -- Found cv_bridge: 2.2.1 (/opt/ros/foxy/share/cv_bridge/cmake)
[0.837s] -- Found fiducial_vlam_msgs: 0.1.0 (/home/sebastian/tello_ros_ws/src/install/fiducial_vlam_msgs/share/fiducial_vlam_msgs/cmake)
[0.854s] -- Using all available rosidl_typesupport_c: rosidl_typesupport_fastrtps_c;rosidl_typesupport_introspection_c
[0.860s] -- Found rosidl_adapter: 1.2.1 (/opt/ros/foxy/share/rosidl_adapter/cmake)
[0.944s] -- Found OpenSSL: /usr/lib/x86_64-linux-gnu/libcrypto.so (found version "1.1.1f")  
[0.974s] -- Found FastRTPS: /opt/ros/foxy/include  
[1.040s] -- Using all available rosidl_typesupport_cpp: rosidl_typesupport_fastrtps_cpp;rosidl_typesupport_introspection_cpp
[1.261s] -- Found nav_msgs: 2.0.4 (/opt/ros/foxy/share/nav_msgs/cmake)
[1.319s] -- Found OpenCV: /usr (found version "4.2.0") 
[1.321s] -- Found rclcpp: 2.4.0 (/opt/ros/foxy/share/rclcpp/cmake)
[1.359s] -- Found rmw_implementation_cmake: 1.0.3 (/opt/ros/foxy/share/rmw_implementation_cmake/cmake)
[1.360s] -- Using RMW implementation 'rmw_fastrtps_cpp' as default
[1.361s] -- Looking for pthread.h
[1.429s] -- Looking for pthread.h - found
[1.429s] -- Performing Test CMAKE_HAVE_LIBC_PTHREAD
[1.504s] -- Performing Test CMAKE_HAVE_LIBC_PTHREAD - Failed
[1.504s] -- Looking for pthread_create in pthreads
[1.567s] -- Looking for pthread_create in pthreads - not found
[1.567s] -- Looking for pthread_create in pthread
[1.643s] -- Looking for pthread_create in pthread - found
[1.644s] -- Found Threads: TRUE  
[1.765s] -- Found rclcpp_components: 2.4.0 (/opt/ros/foxy/share/rclcpp_components/cmake)
[1.808s] -- Found ros2_shared: 0.1.0 (/home/sebastian/tello_ros_ws/src/install/ros2_shared/share/ros2_shared/cmake)
[1.811s] -- Found tf2_msgs: 0.13.11 (/opt/ros/foxy/share/tf2_msgs/cmake)
[1.956s] -- Found visualization_msgs: 2.0.4 (/opt/ros/foxy/share/visualization_msgs/cmake)
[2.013s] -- Found yaml_cpp_vendor: 7.0.2 (/opt/ros/foxy/share/yaml_cpp_vendor/cmake)
[2.013s] -- Setting yaml-cpp_DIR to: '/opt/ros/foxy/share/yaml_cpp_vendor/cmake/../../../opt/yaml_cpp_vendor/lib/cmake/yaml-cpp'
[2.104s] -- Configuring done
[2.159s] -- Generating done
[2.161s] -- Build files have been written to: /home/sebastian/tello_ros_ws/src/build/fiducial_vlam
[2.173s] Invoked command in '/home/sebastian/tello_ros_ws/src/build/fiducial_vlam' returned '0': AMENT_PREFIX_PATH=/home/sebastian/tello_ros_ws/src/install/ros2_shared:/home/sebastian/tello_ros_ws/src/install/fiducial_vlam_msgs:${AMENT_PREFIX_PATH} CMAKE_PREFIX_PATH=/home/sebastian/tello_ros_ws/src/install/ros2_shared:/home/sebastian/tello_ros_ws/src/install/fiducial_vlam_msgs:/home/sebastian/tello_ros_ws/install/fiducial_vlam:/home/sebastian/tello_ros_ws/install/fiducial_vlam_msgs:/home/sebastian/tello_ros_ws/install/tello_gazebo:/home/sebastian/tello_ros_ws/install/tello_driver:/home/sebastian/tello_ros_ws/install/tello_msgs:/home/sebastian/tello_ros_ws/install/tello_description:/home/sebastian/tello_ros_ws/install/ros2_shared:/opt/ros/foxy LD_LIBRARY_PATH=/home/sebastian/tello_ros_ws/src/install/fiducial_vlam_msgs/lib:${LD_LIBRARY_PATH} PYTHONPATH=/home/sebastian/tello_ros_ws/src/install/fiducial_vlam_msgs/lib/python3.8/site-packages:${PYTHONPATH} /usr/bin/cmake /home/sebastian/tello_ros_ws/src/fiducial_vlam/fiducial_vlam -DCMAKE_INSTALL_PREFIX=/home/sebastian/tello_ros_ws/src/install/fiducial_vlam
[2.176s] Invoking command in '/home/sebastian/tello_ros_ws/src/build/fiducial_vlam': AMENT_PREFIX_PATH=/home/sebastian/tello_ros_ws/src/install/ros2_shared:/home/sebastian/tello_ros_ws/src/install/fiducial_vlam_msgs:${AMENT_PREFIX_PATH} CMAKE_PREFIX_PATH=/home/sebastian/tello_ros_ws/src/install/ros2_shared:/home/sebastian/tello_ros_ws/src/install/fiducial_vlam_msgs:/home/sebastian/tello_ros_ws/install/fiducial_vlam:/home/sebastian/tello_ros_ws/install/fiducial_vlam_msgs:/home/sebastian/tello_ros_ws/install/tello_gazebo:/home/sebastian/tello_ros_ws/install/tello_driver:/home/sebastian/tello_ros_ws/install/tello_msgs:/home/sebastian/tello_ros_ws/install/tello_description:/home/sebastian/tello_ros_ws/install/ros2_shared:/opt/ros/foxy LD_LIBRARY_PATH=/home/sebastian/tello_ros_ws/src/install/fiducial_vlam_msgs/lib:${LD_LIBRARY_PATH} PYTHONPATH=/home/sebastian/tello_ros_ws/src/install/fiducial_vlam_msgs/lib/python3.8/site-packages:${PYTHONPATH} /usr/bin/cmake --build /home/sebastian/tello_ros_ws/src/build/fiducial_vlam -- -j16 -l16
[2.226s] [35m[1mScanning dependencies of target vloc_main[0m
[2.227s] [35m[1mScanning dependencies of target vmap_main[0m
[2.229s] [35m[1mScanning dependencies of target vmap_node[0m
[2.232s] [35m[1mScanning dependencies of target vloc_node[0m
[2.407s] [  3%] [32mBuilding CXX object CMakeFiles/vloc_main.dir/src/vloc_main.cpp.o[0m
[2.418s] [  6%] [32mBuilding CXX object CMakeFiles/vloc_main.dir/src/convert_util.cpp.o[0m
[2.424s] [  9%] [32mBuilding CXX object CMakeFiles/vloc_node.dir/src/fiducial_math.cpp.o[0m
[2.433s] [ 12%] [32mBuilding CXX object CMakeFiles/vloc_main.dir/src/fiducial_math.cpp.o[0m
[2.437s] [ 16%] [32mBuilding CXX object CMakeFiles/vloc_node.dir/src/vloc_context.cpp.o[0m
[2.438s] [ 19%] [32mBuilding CXX object CMakeFiles/vmap_main.dir/src/vmap_main.cpp.o[0m
[2.439s] [ 22%] [32mBuilding CXX object CMakeFiles/vloc_node.dir/src/convert_util.cpp.o[0m
[2.441s] [ 25%] [32mBuilding CXX object CMakeFiles/vloc_main.dir/src/transform_with_covariance.cpp.o[0m
[2.442s] [ 29%] [32mBuilding CXX object CMakeFiles/vloc_main.dir/src/map.cpp.o[0m
[2.449s] [ 32%] [32mBuilding CXX object CMakeFiles/vloc_node.dir/src/transform_with_covariance.cpp.o[0m
[2.451s] [ 35%] [32mBuilding CXX object CMakeFiles/vloc_node.dir/src/map.cpp.o[0m
[2.466s] [ 38%] [32mBuilding CXX object CMakeFiles/vloc_node.dir/src/vloc_node.cpp.o[0m
[2.492s] [ 41%] [32mBuilding CXX object CMakeFiles/vmap_main.dir/src/convert_util.cpp.o[0m
[2.497s] [ 45%] [32mBuilding CXX object CMakeFiles/vmap_main.dir/src/map.cpp.o[0m
[2.499s] [ 48%] [32mBuilding CXX object CMakeFiles/vmap_main.dir/src/fiducial_math.cpp.o[0m
[2.511s] [ 51%] [32mBuilding CXX object CMakeFiles/vmap_node.dir/src/convert_util.cpp.o[0m
[3.492s] [ 54%] [32mBuilding CXX object CMakeFiles/vmap_main.dir/src/transform_with_covariance.cpp.o[0m
[3.550s] [ 58%] [32mBuilding CXX object CMakeFiles/vloc_main.dir/src/vloc_context.cpp.o[0m
[4.343s] [ 61%] [32mBuilding CXX object CMakeFiles/vmap_node.dir/src/fiducial_math.cpp.o[0m
[5.548s] [ 64%] [32mBuilding CXX object CMakeFiles/vloc_main.dir/src/vloc_node.cpp.o[0m
[5.805s] [ 67%] [32mBuilding CXX object CMakeFiles/vmap_node.dir/src/map.cpp.o[0m
[5.967s] [ 70%] [32mBuilding CXX object CMakeFiles/vmap_main.dir/src/vmap_context.cpp.o[0m
[7.167s] [ 74%] [32mBuilding CXX object CMakeFiles/vmap_main.dir/src/vmap_node.cpp.o[0m
[7.662s] [ 77%] [32mBuilding CXX object CMakeFiles/vmap_node.dir/src/transform_with_covariance.cpp.o[0m
[7.835s] [ 80%] [32mBuilding CXX object CMakeFiles/vmap_node.dir/src/vmap_context.cpp.o[0m
[8.011s] [ 83%] [32mBuilding CXX object CMakeFiles/vmap_node.dir/src/vmap_main.cpp.o[0m
[8.098s] [ 87%] [32mBuilding CXX object CMakeFiles/vmap_node.dir/src/vmap_node.cpp.o[0m
[20.894s] [ 90%] [32m[1mLinking CXX shared library libvmap_node.so[0m
[21.015s] [ 93%] [32m[1mLinking CXX executable vmap_main[0m
[21.707s] [ 93%] Built target vmap_node
[21.767s] [ 93%] Built target vmap_main
[22.982s] [ 96%] [32m[1mLinking CXX shared library libvloc_node.so[0m
[23.609s] [ 96%] Built target vloc_node
[23.986s] [100%] [32m[1mLinking CXX executable vloc_main[0m
[24.710s] [100%] Built target vloc_main
[24.722s] Invoked command in '/home/sebastian/tello_ros_ws/src/build/fiducial_vlam' returned '0': AMENT_PREFIX_PATH=/home/sebastian/tello_ros_ws/src/install/ros2_shared:/home/sebastian/tello_ros_ws/src/install/fiducial_vlam_msgs:${AMENT_PREFIX_PATH} CMAKE_PREFIX_PATH=/home/sebastian/tello_ros_ws/src/install/ros2_shared:/home/sebastian/tello_ros_ws/src/install/fiducial_vlam_msgs:/home/sebastian/tello_ros_ws/install/fiducial_vlam:/home/sebastian/tello_ros_ws/install/fiducial_vlam_msgs:/home/sebastian/tello_ros_ws/install/tello_gazebo:/home/sebastian/tello_ros_ws/install/tello_driver:/home/sebastian/tello_ros_ws/install/tello_msgs:/home/sebastian/tello_ros_ws/install/tello_description:/home/sebastian/tello_ros_ws/install/ros2_shared:/opt/ros/foxy LD_LIBRARY_PATH=/home/sebastian/tello_ros_ws/src/install/fiducial_vlam_msgs/lib:${LD_LIBRARY_PATH} PYTHONPATH=/home/sebastian/tello_ros_ws/src/install/fiducial_vlam_msgs/lib/python3.8/site-packages:${PYTHONPATH} /usr/bin/cmake --build /home/sebastian/tello_ros_ws/src/build/fiducial_vlam -- -j16 -l16
[24.769s] Invoking command in '/home/sebastian/tello_ros_ws/src/build/fiducial_vlam': AMENT_PREFIX_PATH=/home/sebastian/tello_ros_ws/src/install/ros2_shared:/home/sebastian/tello_ros_ws/src/install/fiducial_vlam_msgs:${AMENT_PREFIX_PATH} CMAKE_PREFIX_PATH=/home/sebastian/tello_ros_ws/src/install/ros2_shared:/home/sebastian/tello_ros_ws/src/install/fiducial_vlam_msgs:/home/sebastian/tello_ros_ws/install/fiducial_vlam:/home/sebastian/tello_ros_ws/install/fiducial_vlam_msgs:/home/sebastian/tello_ros_ws/install/tello_gazebo:/home/sebastian/tello_ros_ws/install/tello_driver:/home/sebastian/tello_ros_ws/install/tello_msgs:/home/sebastian/tello_ros_ws/install/tello_description:/home/sebastian/tello_ros_ws/install/ros2_shared:/opt/ros/foxy LD_LIBRARY_PATH=/home/sebastian/tello_ros_ws/src/install/fiducial_vlam_msgs/lib:${LD_LIBRARY_PATH} PYTHONPATH=/home/sebastian/tello_ros_ws/src/install/fiducial_vlam_msgs/lib/python3.8/site-packages:${PYTHONPATH} /usr/bin/cmake --install /home/sebastian/tello_ros_ws/src/build/fiducial_vlam
[24.777s] -- Install configuration: ""
[24.777s] -- Installing: /home/sebastian/tello_ros_ws/src/install/fiducial_vlam/lib/libvloc_node.so
[24.783s] -- Set runtime path of "/home/sebastian/tello_ros_ws/src/install/fiducial_vlam/lib/libvloc_node.so" to ""
[24.783s] -- Installing: /home/sebastian/tello_ros_ws/src/install/fiducial_vlam/lib/libvmap_node.so
[24.786s] -- Set runtime path of "/home/sebastian/tello_ros_ws/src/install/fiducial_vlam/lib/libvmap_node.so" to ""
[24.786s] -- Installing: /home/sebastian/tello_ros_ws/src/install/fiducial_vlam/lib/fiducial_vlam/vloc_main
[24.789s] -- Set runtime path of "/home/sebastian/tello_ros_ws/src/install/fiducial_vlam/lib/fiducial_vlam/vloc_main" to ""
[24.789s] -- Installing: /home/sebastian/tello_ros_ws/src/install/fiducial_vlam/lib/fiducial_vlam/vmap_main
[24.791s] -- Set runtime path of "/home/sebastian/tello_ros_ws/src/install/fiducial_vlam/lib/fiducial_vlam/vmap_main" to ""
[24.792s] -- Installing: /home/sebastian/tello_ros_ws/src/install/fiducial_vlam/share/fiducial_vlam/cfg
[24.792s] -- Installing: /home/sebastian/tello_ros_ws/src/install/fiducial_vlam/share/fiducial_vlam/cfg/fiducial_marker_locations_basement.yaml
[24.792s] -- Installing: /home/sebastian/tello_ros_ws/src/install/fiducial_vlam/share/fiducial_vlam/cfg/Aruco Marker 6X6 250 IDs 01-12.pdf
[24.792s] -- Installing: /home/sebastian/tello_ros_ws/src/install/fiducial_vlam/share/fiducial_vlam/cfg/fiducial_marker_locations_office.yaml
[24.792s] -- Installing: /home/sebastian/tello_ros_ws/src/install/fiducial_vlam/share/fiducial_vlam/launch
[24.792s] -- Installing: /home/sebastian/tello_ros_ws/src/install/fiducial_vlam/share/fiducial_vlam/launch/pair_brix_launch.py
[24.792s] -- Installing: /home/sebastian/tello_ros_ws/src/install/fiducial_vlam/share/fiducial_vlam/launch/pair_shared_launch.py
[24.792s] -- Installing: /home/sebastian/tello_ros_ws/src/install/fiducial_vlam/share/fiducial_vlam/launch/sim_one_marker_launch.py
[24.792s] -- Installing: /home/sebastian/tello_ros_ws/src/install/fiducial_vlam/share/fiducial_vlam/launch/pair_xps_launch.py
[24.792s] -- Installing: /home/sebastian/tello_ros_ws/src/install/fiducial_vlam/share/fiducial_vlam/launch/sim_yz_plane_of_markers_launch.py
[24.793s] -- Installing: /home/sebastian/tello_ros_ws/src/install/fiducial_vlam/share/fiducial_vlam/launch/pair_box_pattern_b.sh
[24.793s] -- Installing: /home/sebastian/tello_ros_ws/src/install/fiducial_vlam/share/fiducial_vlam/launch/launch_one.rviz
[24.793s] -- Installing: /home/sebastian/tello_ros_ws/src/install/fiducial_vlam/share/fiducial_vlam/launch/launch_one_gazebo.py
[24.793s] -- Installing: /home/sebastian/tello_ros_ws/src/install/fiducial_vlam/share/fiducial_vlam/launch/launch_two_gazebo.py
[24.793s] -- Installing: /home/sebastian/tello_ros_ws/src/install/fiducial_vlam/share/fiducial_vlam/launch/teleop_launch.py
[24.793s] -- Installing: /home/sebastian/tello_ros_ws/src/install/fiducial_vlam/share/fiducial_vlam/launch/pair_box_pattern.sh
[24.793s] -- Installing: /home/sebastian/tello_ros_ws/src/install/fiducial_vlam/share/fiducial_vlam/launch/launch_one.py
[24.793s] -- Installing: /home/sebastian/tello_ros_ws/src/install/fiducial_vlam/include
[24.793s] -- Installing: /home/sebastian/tello_ros_ws/src/install/fiducial_vlam/include/transform_with_covariance.hpp
[24.793s] -- Installing: /home/sebastian/tello_ros_ws/src/install/fiducial_vlam/include/fiducial_vlam
[24.793s] -- Installing: /home/sebastian/tello_ros_ws/src/install/fiducial_vlam/include/fiducial_vlam/fiducial_vlam.hpp
[24.793s] -- Installing: /home/sebastian/tello_ros_ws/src/install/fiducial_vlam/include/vmap_context.hpp
[24.793s] -- Installing: /home/sebastian/tello_ros_ws/src/install/fiducial_vlam/include/vloc_context.hpp
[24.793s] -- Installing: /home/sebastian/tello_ros_ws/src/install/fiducial_vlam/include/convert_util.hpp
[24.793s] -- Installing: /home/sebastian/tello_ros_ws/src/install/fiducial_vlam/include/observation.hpp
[24.794s] -- Installing: /home/sebastian/tello_ros_ws/src/install/fiducial_vlam/include/map.hpp
[24.794s] -- Installing: /home/sebastian/tello_ros_ws/src/install/fiducial_vlam/include/fiducial_math.hpp
[24.794s] -- Installing: /home/sebastian/tello_ros_ws/src/install/fiducial_vlam/share/fiducial_vlam/environment/library_path.sh
[24.794s] -- Installing: /home/sebastian/tello_ros_ws/src/install/fiducial_vlam/share/fiducial_vlam/environment/library_path.dsv
[24.794s] -- Installing: /home/sebastian/tello_ros_ws/src/install/fiducial_vlam/share/ament_index/resource_index/package_run_dependencies/fiducial_vlam
[24.794s] -- Installing: /home/sebastian/tello_ros_ws/src/install/fiducial_vlam/share/ament_index/resource_index/parent_prefix_path/fiducial_vlam
[24.794s] -- Installing: /home/sebastian/tello_ros_ws/src/install/fiducial_vlam/share/fiducial_vlam/environment/ament_prefix_path.sh
[24.794s] -- Installing: /home/sebastian/tello_ros_ws/src/install/fiducial_vlam/share/fiducial_vlam/environment/ament_prefix_path.dsv
[24.794s] -- Installing: /home/sebastian/tello_ros_ws/src/install/fiducial_vlam/share/fiducial_vlam/environment/path.sh
[24.794s] -- Installing: /home/sebastian/tello_ros_ws/src/install/fiducial_vlam/share/fiducial_vlam/environment/path.dsv
[24.795s] -- Installing: /home/sebastian/tello_ros_ws/src/install/fiducial_vlam/share/fiducial_vlam/local_setup.bash
[24.795s] -- Installing: /home/sebastian/tello_ros_ws/src/install/fiducial_vlam/share/fiducial_vlam/local_setup.sh
[24.795s] -- Installing: /home/sebastian/tello_ros_ws/src/install/fiducial_vlam/share/fiducial_vlam/local_setup.zsh
[24.795s] -- Installing: /home/sebastian/tello_ros_ws/src/install/fiducial_vlam/share/fiducial_vlam/local_setup.dsv
[24.795s] -- Installing: /home/sebastian/tello_ros_ws/src/install/fiducial_vlam/share/fiducial_vlam/package.dsv
[24.795s] -- Installing: /home/sebastian/tello_ros_ws/src/install/fiducial_vlam/share/ament_index/resource_index/packages/fiducial_vlam
[24.795s] -- Installing: /home/sebastian/tello_ros_ws/src/install/fiducial_vlam/share/ament_index/resource_index/rclcpp_components/fiducial_vlam
[24.795s] -- Installing: /home/sebastian/tello_ros_ws/src/install/fiducial_vlam/share/fiducial_vlam/cmake/export_vloc_nodeExport.cmake
[24.796s] -- Installing: /home/sebastian/tello_ros_ws/src/install/fiducial_vlam/share/fiducial_vlam/cmake/export_vloc_nodeExport-noconfig.cmake
[24.796s] -- Installing: /home/sebastian/tello_ros_ws/src/install/fiducial_vlam/share/fiducial_vlam/cmake/export_vmap_nodeExport.cmake
[24.796s] -- Installing: /home/sebastian/tello_ros_ws/src/install/fiducial_vlam/share/fiducial_vlam/cmake/export_vmap_nodeExport-noconfig.cmake
[24.796s] -- Installing: /home/sebastian/tello_ros_ws/src/install/fiducial_vlam/share/fiducial_vlam/cmake/ament_cmake_export_dependencies-extras.cmake
[24.796s] -- Installing: /home/sebastian/tello_ros_ws/src/install/fiducial_vlam/share/fiducial_vlam/cmake/ament_cmake_export_include_directories-extras.cmake
[24.796s] -- Installing: /home/sebastian/tello_ros_ws/src/install/fiducial_vlam/share/fiducial_vlam/cmake/ament_cmake_export_targets-extras.cmake
[24.796s] -- Installing: /home/sebastian/tello_ros_ws/src/install/fiducial_vlam/share/fiducial_vlam/cmake/ament_cmake_export_libraries-extras.cmake
[24.796s] -- Installing: /home/sebastian/tello_ros_ws/src/install/fiducial_vlam/share/fiducial_vlam/cmake/fiducial_vlamConfig.cmake
[24.796s] -- Installing: /home/sebastian/tello_ros_ws/src/install/fiducial_vlam/share/fiducial_vlam/cmake/fiducial_vlamConfig-version.cmake
[24.796s] -- Installing: /home/sebastian/tello_ros_ws/src/install/fiducial_vlam/share/fiducial_vlam/package.xml
[24.798s] Invoked command in '/home/sebastian/tello_ros_ws/src/build/fiducial_vlam' returned '0': AMENT_PREFIX_PATH=/home/sebastian/tello_ros_ws/src/install/ros2_shared:/home/sebastian/tello_ros_ws/src/install/fiducial_vlam_msgs:${AMENT_PREFIX_PATH} CMAKE_PREFIX_PATH=/home/sebastian/tello_ros_ws/src/install/ros2_shared:/home/sebastian/tello_ros_ws/src/install/fiducial_vlam_msgs:/home/sebastian/tello_ros_ws/install/fiducial_vlam:/home/sebastian/tello_ros_ws/install/fiducial_vlam_msgs:/home/sebastian/tello_ros_ws/install/tello_gazebo:/home/sebastian/tello_ros_ws/install/tello_driver:/home/sebastian/tello_ros_ws/install/tello_msgs:/home/sebastian/tello_ros_ws/install/tello_description:/home/sebastian/tello_ros_ws/install/ros2_shared:/opt/ros/foxy LD_LIBRARY_PATH=/home/sebastian/tello_ros_ws/src/install/fiducial_vlam_msgs/lib:${LD_LIBRARY_PATH} PYTHONPATH=/home/sebastian/tello_ros_ws/src/install/fiducial_vlam_msgs/lib/python3.8/site-packages:${PYTHONPATH} /usr/bin/cmake --install /home/sebastian/tello_ros_ws/src/build/fiducial_vlam
